ARM GAS  C:\Users\binhp\AppData\Local\Temp\ccjFEoZS.s 			page 1


   1              		.cpu cortex-m3
   2              		.arch armv7-m
   3              		.fpu softvfp
   4              		.eabi_attribute 20, 1
   5              		.eabi_attribute 21, 1
   6              		.eabi_attribute 23, 3
   7              		.eabi_attribute 24, 1
   8              		.eabi_attribute 25, 1
   9              		.eabi_attribute 26, 1
  10              		.eabi_attribute 30, 1
  11              		.eabi_attribute 34, 1
  12              		.eabi_attribute 18, 4
  13              		.file	"gpio.c"
  14              		.text
  15              	.Ltext0:
  16              		.cfi_sections	.debug_frame
  17              		.file 1 "Src/gpio.c"
  18              		.section	.text.MX_GPIO_Init,"ax",%progbits
  19              		.align	1
  20              		.global	MX_GPIO_Init
  21              		.syntax unified
  22              		.thumb
  23              		.thumb_func
  25              	MX_GPIO_Init:
  26              	.LFB65:
   1:Src/gpio.c    **** /* USER CODE BEGIN Header */
   2:Src/gpio.c    **** /**
   3:Src/gpio.c    ****   ******************************************************************************
   4:Src/gpio.c    ****   * @file    gpio.c
   5:Src/gpio.c    ****   * @brief   This file provides code for the configuration
   6:Src/gpio.c    ****   *          of all used GPIO pins.
   7:Src/gpio.c    ****   ******************************************************************************
   8:Src/gpio.c    ****   * @attention
   9:Src/gpio.c    ****   *
  10:Src/gpio.c    ****   * Copyright (c) 2025 STMicroelectronics.
  11:Src/gpio.c    ****   * All rights reserved.
  12:Src/gpio.c    ****   *
  13:Src/gpio.c    ****   * This software is licensed under terms that can be found in the LICENSE file
  14:Src/gpio.c    ****   * in the root directory of this software component.
  15:Src/gpio.c    ****   * If no LICENSE file comes with this software, it is provided AS-IS.
  16:Src/gpio.c    ****   *
  17:Src/gpio.c    ****   ******************************************************************************
  18:Src/gpio.c    ****   */
  19:Src/gpio.c    **** /* USER CODE END Header */
  20:Src/gpio.c    **** 
  21:Src/gpio.c    **** /* Includes ------------------------------------------------------------------*/
  22:Src/gpio.c    **** #include "gpio.h"
  23:Src/gpio.c    **** 
  24:Src/gpio.c    **** /* USER CODE BEGIN 0 */
  25:Src/gpio.c    **** 
  26:Src/gpio.c    **** /* USER CODE END 0 */
  27:Src/gpio.c    **** 
  28:Src/gpio.c    **** /*----------------------------------------------------------------------------*/
  29:Src/gpio.c    **** /* Configure GPIO                                                             */
  30:Src/gpio.c    **** /*----------------------------------------------------------------------------*/
  31:Src/gpio.c    **** /* USER CODE BEGIN 1 */
  32:Src/gpio.c    **** 
ARM GAS  C:\Users\binhp\AppData\Local\Temp\ccjFEoZS.s 			page 2


  33:Src/gpio.c    **** /* USER CODE END 1 */
  34:Src/gpio.c    **** 
  35:Src/gpio.c    **** /** Configure pins as
  36:Src/gpio.c    ****         * Analog
  37:Src/gpio.c    ****         * Input
  38:Src/gpio.c    ****         * Output
  39:Src/gpio.c    ****         * EVENT_OUT
  40:Src/gpio.c    ****         * EXTI
  41:Src/gpio.c    **** */
  42:Src/gpio.c    **** void MX_GPIO_Init(void)
  43:Src/gpio.c    **** {
  27              		.loc 1 43 1 view -0
  28              		.cfi_startproc
  29              		@ args = 0, pretend = 0, frame = 32
  30              		@ frame_needed = 0, uses_anonymous_args = 0
  31 0000 30B5     		push	{r4, r5, lr}
  32              	.LCFI0:
  33              		.cfi_def_cfa_offset 12
  34              		.cfi_offset 4, -12
  35              		.cfi_offset 5, -8
  36              		.cfi_offset 14, -4
  37 0002 89B0     		sub	sp, sp, #36
  38              	.LCFI1:
  39              		.cfi_def_cfa_offset 48
  44:Src/gpio.c    **** 
  45:Src/gpio.c    ****   GPIO_InitTypeDef GPIO_InitStruct = {0};
  40              		.loc 1 45 3 view .LVU1
  41              		.loc 1 45 20 is_stmt 0 view .LVU2
  42 0004 0024     		movs	r4, #0
  43 0006 0494     		str	r4, [sp, #16]
  44 0008 0594     		str	r4, [sp, #20]
  45 000a 0694     		str	r4, [sp, #24]
  46 000c 0794     		str	r4, [sp, #28]
  46:Src/gpio.c    **** 
  47:Src/gpio.c    ****   /* GPIO Ports Clock Enable */
  48:Src/gpio.c    ****   __HAL_RCC_GPIOC_CLK_ENABLE();
  47              		.loc 1 48 3 is_stmt 1 view .LVU3
  48              	.LBB2:
  49              		.loc 1 48 3 view .LVU4
  50              		.loc 1 48 3 view .LVU5
  51 000e 214B     		ldr	r3, .L3
  52 0010 9A69     		ldr	r2, [r3, #24]
  53 0012 42F01002 		orr	r2, r2, #16
  54 0016 9A61     		str	r2, [r3, #24]
  55              		.loc 1 48 3 view .LVU6
  56 0018 9A69     		ldr	r2, [r3, #24]
  57 001a 02F01002 		and	r2, r2, #16
  58 001e 0092     		str	r2, [sp]
  59              		.loc 1 48 3 view .LVU7
  60 0020 009A     		ldr	r2, [sp]
  61              	.LBE2:
  62              		.loc 1 48 3 view .LVU8
  49:Src/gpio.c    ****   __HAL_RCC_GPIOD_CLK_ENABLE();
  63              		.loc 1 49 3 view .LVU9
  64              	.LBB3:
  65              		.loc 1 49 3 view .LVU10
  66              		.loc 1 49 3 view .LVU11
ARM GAS  C:\Users\binhp\AppData\Local\Temp\ccjFEoZS.s 			page 3


  67 0022 9A69     		ldr	r2, [r3, #24]
  68 0024 42F02002 		orr	r2, r2, #32
  69 0028 9A61     		str	r2, [r3, #24]
  70              		.loc 1 49 3 view .LVU12
  71 002a 9A69     		ldr	r2, [r3, #24]
  72 002c 02F02002 		and	r2, r2, #32
  73 0030 0192     		str	r2, [sp, #4]
  74              		.loc 1 49 3 view .LVU13
  75 0032 019A     		ldr	r2, [sp, #4]
  76              	.LBE3:
  77              		.loc 1 49 3 view .LVU14
  50:Src/gpio.c    ****   __HAL_RCC_GPIOA_CLK_ENABLE();
  78              		.loc 1 50 3 view .LVU15
  79              	.LBB4:
  80              		.loc 1 50 3 view .LVU16
  81              		.loc 1 50 3 view .LVU17
  82 0034 9A69     		ldr	r2, [r3, #24]
  83 0036 42F00402 		orr	r2, r2, #4
  84 003a 9A61     		str	r2, [r3, #24]
  85              		.loc 1 50 3 view .LVU18
  86 003c 9A69     		ldr	r2, [r3, #24]
  87 003e 02F00402 		and	r2, r2, #4
  88 0042 0292     		str	r2, [sp, #8]
  89              		.loc 1 50 3 view .LVU19
  90 0044 029A     		ldr	r2, [sp, #8]
  91              	.LBE4:
  92              		.loc 1 50 3 view .LVU20
  51:Src/gpio.c    ****   __HAL_RCC_GPIOB_CLK_ENABLE();
  93              		.loc 1 51 3 view .LVU21
  94              	.LBB5:
  95              		.loc 1 51 3 view .LVU22
  96              		.loc 1 51 3 view .LVU23
  97 0046 9A69     		ldr	r2, [r3, #24]
  98 0048 42F00802 		orr	r2, r2, #8
  99 004c 9A61     		str	r2, [r3, #24]
 100              		.loc 1 51 3 view .LVU24
 101 004e 9B69     		ldr	r3, [r3, #24]
 102 0050 03F00803 		and	r3, r3, #8
 103 0054 0393     		str	r3, [sp, #12]
 104              		.loc 1 51 3 view .LVU25
 105 0056 039B     		ldr	r3, [sp, #12]
 106              	.LBE5:
 107              		.loc 1 51 3 view .LVU26
  52:Src/gpio.c    **** 
  53:Src/gpio.c    ****   /*Configure GPIO pin Output Level */
  54:Src/gpio.c    ****   HAL_GPIO_WritePin(GPIOC, GPIO_PIN_13, GPIO_PIN_RESET);
 108              		.loc 1 54 3 view .LVU27
 109 0058 0F4D     		ldr	r5, .L3+4
 110 005a 2246     		mov	r2, r4
 111 005c 4FF40051 		mov	r1, #8192
 112 0060 2846     		mov	r0, r5
 113 0062 FFF7FEFF 		bl	HAL_GPIO_WritePin
 114              	.LVL0:
  55:Src/gpio.c    **** 
  56:Src/gpio.c    ****   /*Configure GPIO pin : PC13 */
  57:Src/gpio.c    ****   GPIO_InitStruct.Pin = GPIO_PIN_13;
 115              		.loc 1 57 3 view .LVU28
ARM GAS  C:\Users\binhp\AppData\Local\Temp\ccjFEoZS.s 			page 4


 116              		.loc 1 57 23 is_stmt 0 view .LVU29
 117 0066 4FF40053 		mov	r3, #8192
 118 006a 0493     		str	r3, [sp, #16]
  58:Src/gpio.c    ****   GPIO_InitStruct.Mode = GPIO_MODE_OUTPUT_PP;
 119              		.loc 1 58 3 is_stmt 1 view .LVU30
 120              		.loc 1 58 24 is_stmt 0 view .LVU31
 121 006c 0123     		movs	r3, #1
 122 006e 0593     		str	r3, [sp, #20]
  59:Src/gpio.c    ****   GPIO_InitStruct.Pull = GPIO_NOPULL;
 123              		.loc 1 59 3 is_stmt 1 view .LVU32
 124              		.loc 1 59 24 is_stmt 0 view .LVU33
 125 0070 0694     		str	r4, [sp, #24]
  60:Src/gpio.c    ****   GPIO_InitStruct.Speed = GPIO_SPEED_FREQ_LOW;
 126              		.loc 1 60 3 is_stmt 1 view .LVU34
 127              		.loc 1 60 25 is_stmt 0 view .LVU35
 128 0072 0223     		movs	r3, #2
 129 0074 0793     		str	r3, [sp, #28]
  61:Src/gpio.c    ****   HAL_GPIO_Init(GPIOC, &GPIO_InitStruct);
 130              		.loc 1 61 3 is_stmt 1 view .LVU36
 131 0076 04A9     		add	r1, sp, #16
 132 0078 2846     		mov	r0, r5
 133 007a FFF7FEFF 		bl	HAL_GPIO_Init
 134              	.LVL1:
  62:Src/gpio.c    **** 
  63:Src/gpio.c    ****   /*Configure GPIO pin : PA15 */
  64:Src/gpio.c    ****   GPIO_InitStruct.Pin = GPIO_PIN_15;
 135              		.loc 1 64 3 view .LVU37
 136              		.loc 1 64 23 is_stmt 0 view .LVU38
 137 007e 4FF40043 		mov	r3, #32768
 138 0082 0493     		str	r3, [sp, #16]
  65:Src/gpio.c    ****   GPIO_InitStruct.Mode = GPIO_MODE_INPUT;
 139              		.loc 1 65 3 is_stmt 1 view .LVU39
 140              		.loc 1 65 24 is_stmt 0 view .LVU40
 141 0084 0594     		str	r4, [sp, #20]
  66:Src/gpio.c    ****   GPIO_InitStruct.Pull = GPIO_NOPULL;
 142              		.loc 1 66 3 is_stmt 1 view .LVU41
 143              		.loc 1 66 24 is_stmt 0 view .LVU42
 144 0086 0694     		str	r4, [sp, #24]
  67:Src/gpio.c    ****   HAL_GPIO_Init(GPIOA, &GPIO_InitStruct);
 145              		.loc 1 67 3 is_stmt 1 view .LVU43
 146 0088 04A9     		add	r1, sp, #16
 147 008a 0448     		ldr	r0, .L3+8
 148 008c FFF7FEFF 		bl	HAL_GPIO_Init
 149              	.LVL2:
  68:Src/gpio.c    **** 
  69:Src/gpio.c    **** }
 150              		.loc 1 69 1 is_stmt 0 view .LVU44
 151 0090 09B0     		add	sp, sp, #36
 152              	.LCFI2:
 153              		.cfi_def_cfa_offset 12
 154              		@ sp needed
 155 0092 30BD     		pop	{r4, r5, pc}
 156              	.L4:
 157              		.align	2
 158              	.L3:
 159 0094 00100240 		.word	1073876992
 160 0098 00100140 		.word	1073811456
ARM GAS  C:\Users\binhp\AppData\Local\Temp\ccjFEoZS.s 			page 5


 161 009c 00080140 		.word	1073809408
 162              		.cfi_endproc
 163              	.LFE65:
 165              		.text
 166              	.Letext0:
 167              		.file 2 "C:\\ST\\STM32CubeCLT_1.17.0\\GNU-tools-for-STM32\\bin\\../lib/gcc/arm-none-eabi/12.3.1/..
 168              		.file 3 "C:\\ST\\STM32CubeCLT_1.17.0\\GNU-tools-for-STM32\\bin\\../lib/gcc/arm-none-eabi/12.3.1/..
 169              		.file 4 "Drivers/CMSIS/Device/ST/STM32F1xx/Include/stm32f103xb.h"
 170              		.file 5 "Drivers/STM32F1xx_HAL_Driver/Inc/stm32f1xx_hal_gpio.h"
ARM GAS  C:\Users\binhp\AppData\Local\Temp\ccjFEoZS.s 			page 6


DEFINED SYMBOLS
                            *ABS*:00000000 gpio.c
C:\Users\binhp\AppData\Local\Temp\ccjFEoZS.s:19     .text.MX_GPIO_Init:00000000 $t
C:\Users\binhp\AppData\Local\Temp\ccjFEoZS.s:25     .text.MX_GPIO_Init:00000000 MX_GPIO_Init
C:\Users\binhp\AppData\Local\Temp\ccjFEoZS.s:159    .text.MX_GPIO_Init:00000094 $d

UNDEFINED SYMBOLS
HAL_GPIO_WritePin
HAL_GPIO_Init
