ARM GAS  C:\Users\binhp\AppData\Local\Temp\cc1BhNVW.s 			page 1


   1              		.cpu cortex-m3
   2              		.arch armv7-m
   3              		.fpu softvfp
   4              		.eabi_attribute 20, 1
   5              		.eabi_attribute 21, 1
   6              		.eabi_attribute 23, 3
   7              		.eabi_attribute 24, 1
   8              		.eabi_attribute 25, 1
   9              		.eabi_attribute 26, 1
  10              		.eabi_attribute 30, 1
  11              		.eabi_attribute 34, 1
  12              		.eabi_attribute 18, 4
  13              		.file	"i2c.c"
  14              		.text
  15              	.Ltext0:
  16              		.cfi_sections	.debug_frame
  17              		.file 1 "Src/i2c.c"
  18              		.section	.text.MX_I2C1_Init,"ax",%progbits
  19              		.align	1
  20              		.global	MX_I2C1_Init
  21              		.syntax unified
  22              		.thumb
  23              		.thumb_func
  25              	MX_I2C1_Init:
  26              	.LFB65:
   1:Src/i2c.c     **** /* USER CODE BEGIN Header */
   2:Src/i2c.c     **** /**
   3:Src/i2c.c     ****   ******************************************************************************
   4:Src/i2c.c     ****   * @file    i2c.c
   5:Src/i2c.c     ****   * @brief   This file provides code for the configuration
   6:Src/i2c.c     ****   *          of the I2C instances.
   7:Src/i2c.c     ****   ******************************************************************************
   8:Src/i2c.c     ****   * @attention
   9:Src/i2c.c     ****   *
  10:Src/i2c.c     ****   * Copyright (c) 2025 STMicroelectronics.
  11:Src/i2c.c     ****   * All rights reserved.
  12:Src/i2c.c     ****   *
  13:Src/i2c.c     ****   * This software is licensed under terms that can be found in the LICENSE file
  14:Src/i2c.c     ****   * in the root directory of this software component.
  15:Src/i2c.c     ****   * If no LICENSE file comes with this software, it is provided AS-IS.
  16:Src/i2c.c     ****   *
  17:Src/i2c.c     ****   ******************************************************************************
  18:Src/i2c.c     ****   */
  19:Src/i2c.c     **** /* USER CODE END Header */
  20:Src/i2c.c     **** /* Includes ------------------------------------------------------------------*/
  21:Src/i2c.c     **** #include "i2c.h"
  22:Src/i2c.c     **** 
  23:Src/i2c.c     **** /* USER CODE BEGIN 0 */
  24:Src/i2c.c     **** 
  25:Src/i2c.c     **** /* USER CODE END 0 */
  26:Src/i2c.c     **** 
  27:Src/i2c.c     **** I2C_HandleTypeDef hi2c1;
  28:Src/i2c.c     **** 
  29:Src/i2c.c     **** /* I2C1 init function */
  30:Src/i2c.c     **** void MX_I2C1_Init(void)
  31:Src/i2c.c     **** {
  27              		.loc 1 31 1 view -0
ARM GAS  C:\Users\binhp\AppData\Local\Temp\cc1BhNVW.s 			page 2


  28              		.cfi_startproc
  29              		@ args = 0, pretend = 0, frame = 0
  30              		@ frame_needed = 0, uses_anonymous_args = 0
  31 0000 08B5     		push	{r3, lr}
  32              	.LCFI0:
  33              		.cfi_def_cfa_offset 8
  34              		.cfi_offset 3, -8
  35              		.cfi_offset 14, -4
  32:Src/i2c.c     **** 
  33:Src/i2c.c     ****   /* USER CODE BEGIN I2C1_Init 0 */
  34:Src/i2c.c     **** 
  35:Src/i2c.c     ****   /* USER CODE END I2C1_Init 0 */
  36:Src/i2c.c     **** 
  37:Src/i2c.c     ****   /* USER CODE BEGIN I2C1_Init 1 */
  38:Src/i2c.c     **** 
  39:Src/i2c.c     ****   /* USER CODE END I2C1_Init 1 */
  40:Src/i2c.c     ****   hi2c1.Instance = I2C1;
  36              		.loc 1 40 3 view .LVU1
  37              		.loc 1 40 18 is_stmt 0 view .LVU2
  38 0002 0B48     		ldr	r0, .L5
  39 0004 0B4B     		ldr	r3, .L5+4
  40 0006 0360     		str	r3, [r0]
  41:Src/i2c.c     ****   hi2c1.Init.ClockSpeed = 100000;
  41              		.loc 1 41 3 is_stmt 1 view .LVU3
  42              		.loc 1 41 25 is_stmt 0 view .LVU4
  43 0008 0B4B     		ldr	r3, .L5+8
  44 000a 4360     		str	r3, [r0, #4]
  42:Src/i2c.c     ****   hi2c1.Init.DutyCycle = I2C_DUTYCYCLE_2;
  45              		.loc 1 42 3 is_stmt 1 view .LVU5
  46              		.loc 1 42 24 is_stmt 0 view .LVU6
  47 000c 0023     		movs	r3, #0
  48 000e 8360     		str	r3, [r0, #8]
  43:Src/i2c.c     ****   hi2c1.Init.OwnAddress1 = 0;
  49              		.loc 1 43 3 is_stmt 1 view .LVU7
  50              		.loc 1 43 26 is_stmt 0 view .LVU8
  51 0010 C360     		str	r3, [r0, #12]
  44:Src/i2c.c     ****   hi2c1.Init.AddressingMode = I2C_ADDRESSINGMODE_7BIT;
  52              		.loc 1 44 3 is_stmt 1 view .LVU9
  53              		.loc 1 44 29 is_stmt 0 view .LVU10
  54 0012 4FF48042 		mov	r2, #16384
  55 0016 0261     		str	r2, [r0, #16]
  45:Src/i2c.c     ****   hi2c1.Init.DualAddressMode = I2C_DUALADDRESS_DISABLE;
  56              		.loc 1 45 3 is_stmt 1 view .LVU11
  57              		.loc 1 45 30 is_stmt 0 view .LVU12
  58 0018 4361     		str	r3, [r0, #20]
  46:Src/i2c.c     ****   hi2c1.Init.OwnAddress2 = 0;
  59              		.loc 1 46 3 is_stmt 1 view .LVU13
  60              		.loc 1 46 26 is_stmt 0 view .LVU14
  61 001a 8361     		str	r3, [r0, #24]
  47:Src/i2c.c     ****   hi2c1.Init.GeneralCallMode = I2C_GENERALCALL_DISABLE;
  62              		.loc 1 47 3 is_stmt 1 view .LVU15
  63              		.loc 1 47 30 is_stmt 0 view .LVU16
  64 001c C361     		str	r3, [r0, #28]
  48:Src/i2c.c     ****   hi2c1.Init.NoStretchMode = I2C_NOSTRETCH_DISABLE;
  65              		.loc 1 48 3 is_stmt 1 view .LVU17
  66              		.loc 1 48 28 is_stmt 0 view .LVU18
  67 001e 0362     		str	r3, [r0, #32]
ARM GAS  C:\Users\binhp\AppData\Local\Temp\cc1BhNVW.s 			page 3


  49:Src/i2c.c     ****   if (HAL_I2C_Init(&hi2c1) != HAL_OK)
  68              		.loc 1 49 3 is_stmt 1 view .LVU19
  69              		.loc 1 49 7 is_stmt 0 view .LVU20
  70 0020 FFF7FEFF 		bl	HAL_I2C_Init
  71              	.LVL0:
  72              		.loc 1 49 6 view .LVU21
  73 0024 00B9     		cbnz	r0, .L4
  74              	.L1:
  50:Src/i2c.c     ****   {
  51:Src/i2c.c     ****     Error_Handler();
  52:Src/i2c.c     ****   }
  53:Src/i2c.c     ****   /* USER CODE BEGIN I2C1_Init 2 */
  54:Src/i2c.c     **** 
  55:Src/i2c.c     ****   /* USER CODE END I2C1_Init 2 */
  56:Src/i2c.c     **** 
  57:Src/i2c.c     **** }
  75              		.loc 1 57 1 view .LVU22
  76 0026 08BD     		pop	{r3, pc}
  77              	.L4:
  51:Src/i2c.c     ****   }
  78              		.loc 1 51 5 is_stmt 1 view .LVU23
  79 0028 FFF7FEFF 		bl	Error_Handler
  80              	.LVL1:
  81              		.loc 1 57 1 is_stmt 0 view .LVU24
  82 002c FBE7     		b	.L1
  83              	.L6:
  84 002e 00BF     		.align	2
  85              	.L5:
  86 0030 00000000 		.word	hi2c1
  87 0034 00540040 		.word	1073763328
  88 0038 A0860100 		.word	100000
  89              		.cfi_endproc
  90              	.LFE65:
  92              		.section	.text.HAL_I2C_MspInit,"ax",%progbits
  93              		.align	1
  94              		.global	HAL_I2C_MspInit
  95              		.syntax unified
  96              		.thumb
  97              		.thumb_func
  99              	HAL_I2C_MspInit:
 100              	.LVL2:
 101              	.LFB66:
  58:Src/i2c.c     **** 
  59:Src/i2c.c     **** void HAL_I2C_MspInit(I2C_HandleTypeDef* i2cHandle)
  60:Src/i2c.c     **** {
 102              		.loc 1 60 1 is_stmt 1 view -0
 103              		.cfi_startproc
 104              		@ args = 0, pretend = 0, frame = 24
 105              		@ frame_needed = 0, uses_anonymous_args = 0
 106              		.loc 1 60 1 is_stmt 0 view .LVU26
 107 0000 10B5     		push	{r4, lr}
 108              	.LCFI1:
 109              		.cfi_def_cfa_offset 8
 110              		.cfi_offset 4, -8
 111              		.cfi_offset 14, -4
 112 0002 86B0     		sub	sp, sp, #24
 113              	.LCFI2:
ARM GAS  C:\Users\binhp\AppData\Local\Temp\cc1BhNVW.s 			page 4


 114              		.cfi_def_cfa_offset 32
  61:Src/i2c.c     **** 
  62:Src/i2c.c     ****   GPIO_InitTypeDef GPIO_InitStruct = {0};
 115              		.loc 1 62 3 is_stmt 1 view .LVU27
 116              		.loc 1 62 20 is_stmt 0 view .LVU28
 117 0004 0023     		movs	r3, #0
 118 0006 0293     		str	r3, [sp, #8]
 119 0008 0393     		str	r3, [sp, #12]
 120 000a 0493     		str	r3, [sp, #16]
 121 000c 0593     		str	r3, [sp, #20]
  63:Src/i2c.c     ****   if(i2cHandle->Instance==I2C1)
 122              		.loc 1 63 3 is_stmt 1 view .LVU29
 123              		.loc 1 63 15 is_stmt 0 view .LVU30
 124 000e 0268     		ldr	r2, [r0]
 125              		.loc 1 63 5 view .LVU31
 126 0010 194B     		ldr	r3, .L11
 127 0012 9A42     		cmp	r2, r3
 128 0014 01D0     		beq	.L10
 129              	.LVL3:
 130              	.L7:
  64:Src/i2c.c     ****   {
  65:Src/i2c.c     ****   /* USER CODE BEGIN I2C1_MspInit 0 */
  66:Src/i2c.c     **** 
  67:Src/i2c.c     ****   /* USER CODE END I2C1_MspInit 0 */
  68:Src/i2c.c     **** 
  69:Src/i2c.c     ****     __HAL_RCC_GPIOB_CLK_ENABLE();
  70:Src/i2c.c     ****     /**I2C1 GPIO Configuration
  71:Src/i2c.c     ****     PB6     ------> I2C1_SCL
  72:Src/i2c.c     ****     PB7     ------> I2C1_SDA
  73:Src/i2c.c     ****     */
  74:Src/i2c.c     ****     GPIO_InitStruct.Pin = GPIO_PIN_6|GPIO_PIN_7;
  75:Src/i2c.c     ****     GPIO_InitStruct.Mode = GPIO_MODE_AF_OD;
  76:Src/i2c.c     ****     GPIO_InitStruct.Speed = GPIO_SPEED_FREQ_HIGH;
  77:Src/i2c.c     ****     HAL_GPIO_Init(GPIOB, &GPIO_InitStruct);
  78:Src/i2c.c     **** 
  79:Src/i2c.c     ****     /* I2C1 clock enable */
  80:Src/i2c.c     ****     __HAL_RCC_I2C1_CLK_ENABLE();
  81:Src/i2c.c     **** 
  82:Src/i2c.c     ****     /* I2C1 interrupt Init */
  83:Src/i2c.c     ****     HAL_NVIC_SetPriority(I2C1_EV_IRQn, 0, 0);
  84:Src/i2c.c     ****     HAL_NVIC_EnableIRQ(I2C1_EV_IRQn);
  85:Src/i2c.c     ****     HAL_NVIC_SetPriority(I2C1_ER_IRQn, 0, 0);
  86:Src/i2c.c     ****     HAL_NVIC_EnableIRQ(I2C1_ER_IRQn);
  87:Src/i2c.c     ****   /* USER CODE BEGIN I2C1_MspInit 1 */
  88:Src/i2c.c     **** 
  89:Src/i2c.c     ****   /* USER CODE END I2C1_MspInit 1 */
  90:Src/i2c.c     ****   }
  91:Src/i2c.c     **** }
 131              		.loc 1 91 1 view .LVU32
 132 0016 06B0     		add	sp, sp, #24
 133              	.LCFI3:
 134              		.cfi_remember_state
 135              		.cfi_def_cfa_offset 8
 136              		@ sp needed
 137 0018 10BD     		pop	{r4, pc}
 138              	.LVL4:
 139              	.L10:
ARM GAS  C:\Users\binhp\AppData\Local\Temp\cc1BhNVW.s 			page 5


 140              	.LCFI4:
 141              		.cfi_restore_state
  69:Src/i2c.c     ****     /**I2C1 GPIO Configuration
 142              		.loc 1 69 5 is_stmt 1 view .LVU33
 143              	.LBB2:
  69:Src/i2c.c     ****     /**I2C1 GPIO Configuration
 144              		.loc 1 69 5 view .LVU34
  69:Src/i2c.c     ****     /**I2C1 GPIO Configuration
 145              		.loc 1 69 5 view .LVU35
 146 001a 184C     		ldr	r4, .L11+4
 147 001c A369     		ldr	r3, [r4, #24]
 148 001e 43F00803 		orr	r3, r3, #8
 149 0022 A361     		str	r3, [r4, #24]
  69:Src/i2c.c     ****     /**I2C1 GPIO Configuration
 150              		.loc 1 69 5 view .LVU36
 151 0024 A369     		ldr	r3, [r4, #24]
 152 0026 03F00803 		and	r3, r3, #8
 153 002a 0093     		str	r3, [sp]
  69:Src/i2c.c     ****     /**I2C1 GPIO Configuration
 154              		.loc 1 69 5 view .LVU37
 155 002c 009B     		ldr	r3, [sp]
 156              	.LBE2:
  69:Src/i2c.c     ****     /**I2C1 GPIO Configuration
 157              		.loc 1 69 5 view .LVU38
  74:Src/i2c.c     ****     GPIO_InitStruct.Mode = GPIO_MODE_AF_OD;
 158              		.loc 1 74 5 view .LVU39
  74:Src/i2c.c     ****     GPIO_InitStruct.Mode = GPIO_MODE_AF_OD;
 159              		.loc 1 74 25 is_stmt 0 view .LVU40
 160 002e C023     		movs	r3, #192
 161 0030 0293     		str	r3, [sp, #8]
  75:Src/i2c.c     ****     GPIO_InitStruct.Speed = GPIO_SPEED_FREQ_HIGH;
 162              		.loc 1 75 5 is_stmt 1 view .LVU41
  75:Src/i2c.c     ****     GPIO_InitStruct.Speed = GPIO_SPEED_FREQ_HIGH;
 163              		.loc 1 75 26 is_stmt 0 view .LVU42
 164 0032 1223     		movs	r3, #18
 165 0034 0393     		str	r3, [sp, #12]
  76:Src/i2c.c     ****     HAL_GPIO_Init(GPIOB, &GPIO_InitStruct);
 166              		.loc 1 76 5 is_stmt 1 view .LVU43
  76:Src/i2c.c     ****     HAL_GPIO_Init(GPIOB, &GPIO_InitStruct);
 167              		.loc 1 76 27 is_stmt 0 view .LVU44
 168 0036 0323     		movs	r3, #3
 169 0038 0593     		str	r3, [sp, #20]
  77:Src/i2c.c     **** 
 170              		.loc 1 77 5 is_stmt 1 view .LVU45
 171 003a 02A9     		add	r1, sp, #8
 172 003c 1048     		ldr	r0, .L11+8
 173              	.LVL5:
  77:Src/i2c.c     **** 
 174              		.loc 1 77 5 is_stmt 0 view .LVU46
 175 003e FFF7FEFF 		bl	HAL_GPIO_Init
 176              	.LVL6:
  80:Src/i2c.c     **** 
 177              		.loc 1 80 5 is_stmt 1 view .LVU47
 178              	.LBB3:
  80:Src/i2c.c     **** 
 179              		.loc 1 80 5 view .LVU48
  80:Src/i2c.c     **** 
ARM GAS  C:\Users\binhp\AppData\Local\Temp\cc1BhNVW.s 			page 6


 180              		.loc 1 80 5 view .LVU49
 181 0042 E369     		ldr	r3, [r4, #28]
 182 0044 43F40013 		orr	r3, r3, #2097152
 183 0048 E361     		str	r3, [r4, #28]
  80:Src/i2c.c     **** 
 184              		.loc 1 80 5 view .LVU50
 185 004a E369     		ldr	r3, [r4, #28]
 186 004c 03F40013 		and	r3, r3, #2097152
 187 0050 0193     		str	r3, [sp, #4]
  80:Src/i2c.c     **** 
 188              		.loc 1 80 5 view .LVU51
 189 0052 019B     		ldr	r3, [sp, #4]
 190              	.LBE3:
  80:Src/i2c.c     **** 
 191              		.loc 1 80 5 view .LVU52
  83:Src/i2c.c     ****     HAL_NVIC_EnableIRQ(I2C1_EV_IRQn);
 192              		.loc 1 83 5 view .LVU53
 193 0054 0022     		movs	r2, #0
 194 0056 1146     		mov	r1, r2
 195 0058 1F20     		movs	r0, #31
 196 005a FFF7FEFF 		bl	HAL_NVIC_SetPriority
 197              	.LVL7:
  84:Src/i2c.c     ****     HAL_NVIC_SetPriority(I2C1_ER_IRQn, 0, 0);
 198              		.loc 1 84 5 view .LVU54
 199 005e 1F20     		movs	r0, #31
 200 0060 FFF7FEFF 		bl	HAL_NVIC_EnableIRQ
 201              	.LVL8:
  85:Src/i2c.c     ****     HAL_NVIC_EnableIRQ(I2C1_ER_IRQn);
 202              		.loc 1 85 5 view .LVU55
 203 0064 0022     		movs	r2, #0
 204 0066 1146     		mov	r1, r2
 205 0068 2020     		movs	r0, #32
 206 006a FFF7FEFF 		bl	HAL_NVIC_SetPriority
 207              	.LVL9:
  86:Src/i2c.c     ****   /* USER CODE BEGIN I2C1_MspInit 1 */
 208              		.loc 1 86 5 view .LVU56
 209 006e 2020     		movs	r0, #32
 210 0070 FFF7FEFF 		bl	HAL_NVIC_EnableIRQ
 211              	.LVL10:
 212              		.loc 1 91 1 is_stmt 0 view .LVU57
 213 0074 CFE7     		b	.L7
 214              	.L12:
 215 0076 00BF     		.align	2
 216              	.L11:
 217 0078 00540040 		.word	1073763328
 218 007c 00100240 		.word	1073876992
 219 0080 000C0140 		.word	1073810432
 220              		.cfi_endproc
 221              	.LFE66:
 223              		.section	.text.HAL_I2C_MspDeInit,"ax",%progbits
 224              		.align	1
 225              		.global	HAL_I2C_MspDeInit
 226              		.syntax unified
 227              		.thumb
 228              		.thumb_func
 230              	HAL_I2C_MspDeInit:
 231              	.LVL11:
ARM GAS  C:\Users\binhp\AppData\Local\Temp\cc1BhNVW.s 			page 7


 232              	.LFB67:
  92:Src/i2c.c     **** 
  93:Src/i2c.c     **** void HAL_I2C_MspDeInit(I2C_HandleTypeDef* i2cHandle)
  94:Src/i2c.c     **** {
 233              		.loc 1 94 1 is_stmt 1 view -0
 234              		.cfi_startproc
 235              		@ args = 0, pretend = 0, frame = 0
 236              		@ frame_needed = 0, uses_anonymous_args = 0
  95:Src/i2c.c     **** 
  96:Src/i2c.c     ****   if(i2cHandle->Instance==I2C1)
 237              		.loc 1 96 3 view .LVU59
 238              		.loc 1 96 15 is_stmt 0 view .LVU60
 239 0000 0268     		ldr	r2, [r0]
 240              		.loc 1 96 5 view .LVU61
 241 0002 0D4B     		ldr	r3, .L20
 242 0004 9A42     		cmp	r2, r3
 243 0006 00D0     		beq	.L19
 244 0008 7047     		bx	lr
 245              	.L19:
  94:Src/i2c.c     **** 
 246              		.loc 1 94 1 view .LVU62
 247 000a 10B5     		push	{r4, lr}
 248              	.LCFI5:
 249              		.cfi_def_cfa_offset 8
 250              		.cfi_offset 4, -8
 251              		.cfi_offset 14, -4
  97:Src/i2c.c     ****   {
  98:Src/i2c.c     ****   /* USER CODE BEGIN I2C1_MspDeInit 0 */
  99:Src/i2c.c     **** 
 100:Src/i2c.c     ****   /* USER CODE END I2C1_MspDeInit 0 */
 101:Src/i2c.c     ****     /* Peripheral clock disable */
 102:Src/i2c.c     ****     __HAL_RCC_I2C1_CLK_DISABLE();
 252              		.loc 1 102 5 is_stmt 1 view .LVU63
 253 000c 0B4A     		ldr	r2, .L20+4
 254 000e D369     		ldr	r3, [r2, #28]
 255 0010 23F40013 		bic	r3, r3, #2097152
 256 0014 D361     		str	r3, [r2, #28]
 103:Src/i2c.c     **** 
 104:Src/i2c.c     ****     /**I2C1 GPIO Configuration
 105:Src/i2c.c     ****     PB6     ------> I2C1_SCL
 106:Src/i2c.c     ****     PB7     ------> I2C1_SDA
 107:Src/i2c.c     ****     */
 108:Src/i2c.c     ****     HAL_GPIO_DeInit(GPIOB, GPIO_PIN_6);
 257              		.loc 1 108 5 view .LVU64
 258 0016 0A4C     		ldr	r4, .L20+8
 259 0018 4021     		movs	r1, #64
 260 001a 2046     		mov	r0, r4
 261              	.LVL12:
 262              		.loc 1 108 5 is_stmt 0 view .LVU65
 263 001c FFF7FEFF 		bl	HAL_GPIO_DeInit
 264              	.LVL13:
 109:Src/i2c.c     **** 
 110:Src/i2c.c     ****     HAL_GPIO_DeInit(GPIOB, GPIO_PIN_7);
 265              		.loc 1 110 5 is_stmt 1 view .LVU66
 266 0020 8021     		movs	r1, #128
 267 0022 2046     		mov	r0, r4
 268 0024 FFF7FEFF 		bl	HAL_GPIO_DeInit
ARM GAS  C:\Users\binhp\AppData\Local\Temp\cc1BhNVW.s 			page 8


 269              	.LVL14:
 111:Src/i2c.c     **** 
 112:Src/i2c.c     ****     /* I2C1 interrupt Deinit */
 113:Src/i2c.c     ****     HAL_NVIC_DisableIRQ(I2C1_EV_IRQn);
 270              		.loc 1 113 5 view .LVU67
 271 0028 1F20     		movs	r0, #31
 272 002a FFF7FEFF 		bl	HAL_NVIC_DisableIRQ
 273              	.LVL15:
 114:Src/i2c.c     ****     HAL_NVIC_DisableIRQ(I2C1_ER_IRQn);
 274              		.loc 1 114 5 view .LVU68
 275 002e 2020     		movs	r0, #32
 276 0030 FFF7FEFF 		bl	HAL_NVIC_DisableIRQ
 277              	.LVL16:
 115:Src/i2c.c     ****   /* USER CODE BEGIN I2C1_MspDeInit 1 */
 116:Src/i2c.c     **** 
 117:Src/i2c.c     ****   /* USER CODE END I2C1_MspDeInit 1 */
 118:Src/i2c.c     ****   }
 119:Src/i2c.c     **** }
 278              		.loc 1 119 1 is_stmt 0 view .LVU69
 279 0034 10BD     		pop	{r4, pc}
 280              	.L21:
 281 0036 00BF     		.align	2
 282              	.L20:
 283 0038 00540040 		.word	1073763328
 284 003c 00100240 		.word	1073876992
 285 0040 000C0140 		.word	1073810432
 286              		.cfi_endproc
 287              	.LFE67:
 289              		.global	hi2c1
 290              		.section	.bss.hi2c1,"aw",%nobits
 291              		.align	2
 294              	hi2c1:
 295 0000 00000000 		.space	84
 295      00000000 
 295      00000000 
 295      00000000 
 295      00000000 
 296              		.text
 297              	.Letext0:
 298              		.file 2 "Drivers/CMSIS/Device/ST/STM32F1xx/Include/stm32f103xb.h"
 299              		.file 3 "C:\\ST\\STM32CubeCLT_1.17.0\\GNU-tools-for-STM32\\bin\\../lib/gcc/arm-none-eabi/12.3.1/..
 300              		.file 4 "C:\\ST\\STM32CubeCLT_1.17.0\\GNU-tools-for-STM32\\bin\\../lib/gcc/arm-none-eabi/12.3.1/..
 301              		.file 5 "Drivers/STM32F1xx_HAL_Driver/Inc/stm32f1xx_hal_def.h"
 302              		.file 6 "Drivers/STM32F1xx_HAL_Driver/Inc/stm32f1xx_hal_gpio.h"
 303              		.file 7 "Drivers/STM32F1xx_HAL_Driver/Inc/stm32f1xx_hal_dma.h"
 304              		.file 8 "Drivers/STM32F1xx_HAL_Driver/Inc/stm32f1xx_hal_i2c.h"
 305              		.file 9 "Drivers/STM32F1xx_HAL_Driver/Inc/stm32f1xx_hal_cortex.h"
 306              		.file 10 "Inc/i2c.h"
 307              		.file 11 "Inc/main.h"
ARM GAS  C:\Users\binhp\AppData\Local\Temp\cc1BhNVW.s 			page 9


DEFINED SYMBOLS
                            *ABS*:00000000 i2c.c
C:\Users\binhp\AppData\Local\Temp\cc1BhNVW.s:19     .text.MX_I2C1_Init:00000000 $t
C:\Users\binhp\AppData\Local\Temp\cc1BhNVW.s:25     .text.MX_I2C1_Init:00000000 MX_I2C1_Init
C:\Users\binhp\AppData\Local\Temp\cc1BhNVW.s:86     .text.MX_I2C1_Init:00000030 $d
C:\Users\binhp\AppData\Local\Temp\cc1BhNVW.s:294    .bss.hi2c1:00000000 hi2c1
C:\Users\binhp\AppData\Local\Temp\cc1BhNVW.s:93     .text.HAL_I2C_MspInit:00000000 $t
C:\Users\binhp\AppData\Local\Temp\cc1BhNVW.s:99     .text.HAL_I2C_MspInit:00000000 HAL_I2C_MspInit
C:\Users\binhp\AppData\Local\Temp\cc1BhNVW.s:217    .text.HAL_I2C_MspInit:00000078 $d
C:\Users\binhp\AppData\Local\Temp\cc1BhNVW.s:224    .text.HAL_I2C_MspDeInit:00000000 $t
C:\Users\binhp\AppData\Local\Temp\cc1BhNVW.s:230    .text.HAL_I2C_MspDeInit:00000000 HAL_I2C_MspDeInit
C:\Users\binhp\AppData\Local\Temp\cc1BhNVW.s:283    .text.HAL_I2C_MspDeInit:00000038 $d
C:\Users\binhp\AppData\Local\Temp\cc1BhNVW.s:291    .bss.hi2c1:00000000 $d

UNDEFINED SYMBOLS
HAL_I2C_Init
Error_Handler
HAL_GPIO_Init
HAL_NVIC_SetPriority
HAL_NVIC_EnableIRQ
HAL_GPIO_DeInit
HAL_NVIC_DisableIRQ
