ARM GAS  C:\Users\binhp\AppData\Local\Temp\ccQj9dR7.s 			page 1


   1              		.cpu cortex-m3
   2              		.arch armv7-m
   3              		.fpu softvfp
   4              		.eabi_attribute 20, 1
   5              		.eabi_attribute 21, 1
   6              		.eabi_attribute 23, 3
   7              		.eabi_attribute 24, 1
   8              		.eabi_attribute 25, 1
   9              		.eabi_attribute 26, 1
  10              		.eabi_attribute 30, 1
  11              		.eabi_attribute 34, 1
  12              		.eabi_attribute 18, 4
  13              		.file	"hal_uart.c"
  14              		.text
  15              	.Ltext0:
  16              		.cfi_sections	.debug_frame
  17              		.file 1 "src/hal_uart.c"
  18              		.section	.text.MX_USART1_UART_Init,"ax",%progbits
  19              		.align	1
  20              		.global	MX_USART1_UART_Init
  21              		.syntax unified
  22              		.thumb
  23              		.thumb_func
  25              	MX_USART1_UART_Init:
  26              	.LFB65:
   1:src/hal_uart.c **** #include "hal_uart.h"
   2:src/hal_uart.c **** 
   3:src/hal_uart.c **** UART_HandleTypeDef huart1;
   4:src/hal_uart.c **** 
   5:src/hal_uart.c **** void MX_USART1_UART_Init(void)
   6:src/hal_uart.c **** {
  27              		.loc 1 6 1 view -0
  28              		.cfi_startproc
  29              		@ args = 0, pretend = 0, frame = 0
  30              		@ frame_needed = 0, uses_anonymous_args = 0
  31 0000 08B5     		push	{r3, lr}
  32              	.LCFI0:
  33              		.cfi_def_cfa_offset 8
  34              		.cfi_offset 3, -8
  35              		.cfi_offset 14, -4
   7:src/hal_uart.c ****   huart1.Instance = USART1_INSTANCE;
  36              		.loc 1 7 3 view .LVU1
  37              		.loc 1 7 19 is_stmt 0 view .LVU2
  38 0002 0A48     		ldr	r0, .L5
  39 0004 0A4B     		ldr	r3, .L5+4
  40 0006 0360     		str	r3, [r0]
   8:src/hal_uart.c ****   huart1.Init.BaudRate = USART1_BUADRATE;
  41              		.loc 1 8 3 is_stmt 1 view .LVU3
  42              		.loc 1 8 24 is_stmt 0 view .LVU4
  43 0008 4FF4E133 		mov	r3, #115200
  44 000c 4360     		str	r3, [r0, #4]
   9:src/hal_uart.c ****   huart1.Init.WordLength = UART_WORDLENGTH_8B;
  45              		.loc 1 9 3 is_stmt 1 view .LVU5
  46              		.loc 1 9 26 is_stmt 0 view .LVU6
  47 000e 0023     		movs	r3, #0
  48 0010 8360     		str	r3, [r0, #8]
  10:src/hal_uart.c ****   huart1.Init.StopBits = UART_STOPBITS_1;
ARM GAS  C:\Users\binhp\AppData\Local\Temp\ccQj9dR7.s 			page 2


  49              		.loc 1 10 3 is_stmt 1 view .LVU7
  50              		.loc 1 10 24 is_stmt 0 view .LVU8
  51 0012 C360     		str	r3, [r0, #12]
  11:src/hal_uart.c ****   huart1.Init.Parity = UART_PARITY_NONE;
  52              		.loc 1 11 3 is_stmt 1 view .LVU9
  53              		.loc 1 11 22 is_stmt 0 view .LVU10
  54 0014 0361     		str	r3, [r0, #16]
  12:src/hal_uart.c ****   huart1.Init.Mode = UART_MODE_TX_RX;
  55              		.loc 1 12 3 is_stmt 1 view .LVU11
  56              		.loc 1 12 20 is_stmt 0 view .LVU12
  57 0016 0C22     		movs	r2, #12
  58 0018 4261     		str	r2, [r0, #20]
  13:src/hal_uart.c ****   huart1.Init.HwFlowCtl = UART_HWCONTROL_NONE;
  59              		.loc 1 13 3 is_stmt 1 view .LVU13
  60              		.loc 1 13 25 is_stmt 0 view .LVU14
  61 001a 8361     		str	r3, [r0, #24]
  14:src/hal_uart.c ****   huart1.Init.OverSampling = UART_OVERSAMPLING_16;
  62              		.loc 1 14 3 is_stmt 1 view .LVU15
  63              		.loc 1 14 28 is_stmt 0 view .LVU16
  64 001c C361     		str	r3, [r0, #28]
  15:src/hal_uart.c ****   if (HAL_UART_Init(&huart1) != HAL_OK)
  65              		.loc 1 15 3 is_stmt 1 view .LVU17
  66              		.loc 1 15 7 is_stmt 0 view .LVU18
  67 001e FFF7FEFF 		bl	HAL_UART_Init
  68              	.LVL0:
  69              		.loc 1 15 6 discriminator 1 view .LVU19
  70 0022 00B9     		cbnz	r0, .L4
  71              	.L1:
  16:src/hal_uart.c ****   {
  17:src/hal_uart.c ****     Error_Handler();
  18:src/hal_uart.c ****   }
  19:src/hal_uart.c **** }
  72              		.loc 1 19 1 view .LVU20
  73 0024 08BD     		pop	{r3, pc}
  74              	.L4:
  17:src/hal_uart.c ****   }
  75              		.loc 1 17 5 is_stmt 1 view .LVU21
  76 0026 FFF7FEFF 		bl	Error_Handler
  77              	.LVL1:
  78              		.loc 1 19 1 is_stmt 0 view .LVU22
  79 002a FBE7     		b	.L1
  80              	.L6:
  81              		.align	2
  82              	.L5:
  83 002c 00000000 		.word	huart1
  84 0030 00380140 		.word	1073821696
  85              		.cfi_endproc
  86              	.LFE65:
  88              		.section	.text.HAL_UART_MspInit,"ax",%progbits
  89              		.align	1
  90              		.global	HAL_UART_MspInit
  91              		.syntax unified
  92              		.thumb
  93              		.thumb_func
  95              	HAL_UART_MspInit:
  96              	.LVL2:
  97              	.LFB66:
ARM GAS  C:\Users\binhp\AppData\Local\Temp\ccQj9dR7.s 			page 3


  20:src/hal_uart.c **** 
  21:src/hal_uart.c **** void HAL_UART_MspInit(UART_HandleTypeDef *uartHandle)
  22:src/hal_uart.c **** {
  98              		.loc 1 22 1 is_stmt 1 view -0
  99              		.cfi_startproc
 100              		@ args = 0, pretend = 0, frame = 24
 101              		@ frame_needed = 0, uses_anonymous_args = 0
 102              		.loc 1 22 1 is_stmt 0 view .LVU24
 103 0000 30B5     		push	{r4, r5, lr}
 104              	.LCFI1:
 105              		.cfi_def_cfa_offset 12
 106              		.cfi_offset 4, -12
 107              		.cfi_offset 5, -8
 108              		.cfi_offset 14, -4
 109 0002 87B0     		sub	sp, sp, #28
 110              	.LCFI2:
 111              		.cfi_def_cfa_offset 40
  23:src/hal_uart.c **** 
  24:src/hal_uart.c ****   GPIO_InitTypeDef GPIO_InitStruct = {0};
 112              		.loc 1 24 3 is_stmt 1 view .LVU25
 113              		.loc 1 24 20 is_stmt 0 view .LVU26
 114 0004 0023     		movs	r3, #0
 115 0006 0293     		str	r3, [sp, #8]
 116 0008 0393     		str	r3, [sp, #12]
 117 000a 0493     		str	r3, [sp, #16]
 118 000c 0593     		str	r3, [sp, #20]
  25:src/hal_uart.c ****   if (uartHandle->Instance == USART1_INSTANCE)
 119              		.loc 1 25 3 is_stmt 1 view .LVU27
 120              		.loc 1 25 17 is_stmt 0 view .LVU28
 121 000e 0268     		ldr	r2, [r0]
 122              		.loc 1 25 6 view .LVU29
 123 0010 1B4B     		ldr	r3, .L11
 124 0012 9A42     		cmp	r2, r3
 125 0014 01D0     		beq	.L10
 126              	.LVL3:
 127              	.L7:
  26:src/hal_uart.c ****   {
  27:src/hal_uart.c ****     USART1_CLK_ENABLE();
  28:src/hal_uart.c ****     USART1_GPIO_CLK_ENABLE();
  29:src/hal_uart.c ****     /**USART1 GPIO Configuration
  30:src/hal_uart.c ****     PA9     ------> USART1_TX
  31:src/hal_uart.c ****     PA10     ------> USART1_RX
  32:src/hal_uart.c ****     */
  33:src/hal_uart.c ****     GPIO_InitStruct.Pin = USART1_RX_PIN;
  34:src/hal_uart.c ****     GPIO_InitStruct.Mode = GPIO_MODE_AF_PP;
  35:src/hal_uart.c ****     GPIO_InitStruct.Speed = GPIO_SPEED_FREQ_HIGH;
  36:src/hal_uart.c ****     HAL_GPIO_Init(USART1_RX_PORT, &GPIO_InitStruct);
  37:src/hal_uart.c **** 
  38:src/hal_uart.c ****     GPIO_InitStruct.Pin = USART1_TX_PIN;
  39:src/hal_uart.c ****     GPIO_InitStruct.Mode = GPIO_MODE_INPUT;
  40:src/hal_uart.c ****     GPIO_InitStruct.Pull = GPIO_NOPULL;
  41:src/hal_uart.c ****     HAL_GPIO_Init(USART1_TX_PORT, &GPIO_InitStruct);
  42:src/hal_uart.c **** 
  43:src/hal_uart.c ****     /* USART1 interrupt Init */
  44:src/hal_uart.c ****     HAL_NVIC_SetPriority(USART1_IRQn, 0, 0);
  45:src/hal_uart.c ****     HAL_NVIC_EnableIRQ(USART1_IRQn);
  46:src/hal_uart.c ****   }
ARM GAS  C:\Users\binhp\AppData\Local\Temp\ccQj9dR7.s 			page 4


  47:src/hal_uart.c **** }
 128              		.loc 1 47 1 view .LVU30
 129 0016 07B0     		add	sp, sp, #28
 130              	.LCFI3:
 131              		.cfi_remember_state
 132              		.cfi_def_cfa_offset 12
 133              		@ sp needed
 134 0018 30BD     		pop	{r4, r5, pc}
 135              	.LVL4:
 136              	.L10:
 137              	.LCFI4:
 138              		.cfi_restore_state
  27:src/hal_uart.c ****     USART1_GPIO_CLK_ENABLE();
 139              		.loc 1 27 5 is_stmt 1 view .LVU31
 140              	.LBB2:
  27:src/hal_uart.c ****     USART1_GPIO_CLK_ENABLE();
 141              		.loc 1 27 5 view .LVU32
  27:src/hal_uart.c ****     USART1_GPIO_CLK_ENABLE();
 142              		.loc 1 27 5 view .LVU33
 143 001a 03F55843 		add	r3, r3, #55296
 144 001e 9A69     		ldr	r2, [r3, #24]
 145 0020 42F48042 		orr	r2, r2, #16384
 146 0024 9A61     		str	r2, [r3, #24]
  27:src/hal_uart.c ****     USART1_GPIO_CLK_ENABLE();
 147              		.loc 1 27 5 view .LVU34
 148 0026 9A69     		ldr	r2, [r3, #24]
 149 0028 02F48042 		and	r2, r2, #16384
 150 002c 0092     		str	r2, [sp]
  27:src/hal_uart.c ****     USART1_GPIO_CLK_ENABLE();
 151              		.loc 1 27 5 view .LVU35
 152 002e 009A     		ldr	r2, [sp]
 153              	.LBE2:
  27:src/hal_uart.c ****     USART1_GPIO_CLK_ENABLE();
 154              		.loc 1 27 5 view .LVU36
  28:src/hal_uart.c ****     /**USART1 GPIO Configuration
 155              		.loc 1 28 5 view .LVU37
 156              	.LBB3:
  28:src/hal_uart.c ****     /**USART1 GPIO Configuration
 157              		.loc 1 28 5 view .LVU38
  28:src/hal_uart.c ****     /**USART1 GPIO Configuration
 158              		.loc 1 28 5 view .LVU39
 159 0030 9A69     		ldr	r2, [r3, #24]
 160 0032 42F00402 		orr	r2, r2, #4
 161 0036 9A61     		str	r2, [r3, #24]
  28:src/hal_uart.c ****     /**USART1 GPIO Configuration
 162              		.loc 1 28 5 view .LVU40
 163 0038 9B69     		ldr	r3, [r3, #24]
 164 003a 03F00403 		and	r3, r3, #4
 165 003e 0193     		str	r3, [sp, #4]
  28:src/hal_uart.c ****     /**USART1 GPIO Configuration
 166              		.loc 1 28 5 view .LVU41
 167 0040 019B     		ldr	r3, [sp, #4]
 168              	.LBE3:
  28:src/hal_uart.c ****     /**USART1 GPIO Configuration
 169              		.loc 1 28 5 view .LVU42
  33:src/hal_uart.c ****     GPIO_InitStruct.Mode = GPIO_MODE_AF_PP;
 170              		.loc 1 33 5 view .LVU43
ARM GAS  C:\Users\binhp\AppData\Local\Temp\ccQj9dR7.s 			page 5


  33:src/hal_uart.c ****     GPIO_InitStruct.Mode = GPIO_MODE_AF_PP;
 171              		.loc 1 33 25 is_stmt 0 view .LVU44
 172 0042 4FF40073 		mov	r3, #512
 173 0046 0293     		str	r3, [sp, #8]
  34:src/hal_uart.c ****     GPIO_InitStruct.Speed = GPIO_SPEED_FREQ_HIGH;
 174              		.loc 1 34 5 is_stmt 1 view .LVU45
  34:src/hal_uart.c ****     GPIO_InitStruct.Speed = GPIO_SPEED_FREQ_HIGH;
 175              		.loc 1 34 26 is_stmt 0 view .LVU46
 176 0048 0223     		movs	r3, #2
 177 004a 0393     		str	r3, [sp, #12]
  35:src/hal_uart.c ****     HAL_GPIO_Init(USART1_RX_PORT, &GPIO_InitStruct);
 178              		.loc 1 35 5 is_stmt 1 view .LVU47
  35:src/hal_uart.c ****     HAL_GPIO_Init(USART1_RX_PORT, &GPIO_InitStruct);
 179              		.loc 1 35 27 is_stmt 0 view .LVU48
 180 004c 0323     		movs	r3, #3
 181 004e 0593     		str	r3, [sp, #20]
  36:src/hal_uart.c **** 
 182              		.loc 1 36 5 is_stmt 1 view .LVU49
 183 0050 0C4D     		ldr	r5, .L11+4
 184 0052 02A9     		add	r1, sp, #8
 185 0054 2846     		mov	r0, r5
 186              	.LVL5:
  36:src/hal_uart.c **** 
 187              		.loc 1 36 5 is_stmt 0 view .LVU50
 188 0056 FFF7FEFF 		bl	HAL_GPIO_Init
 189              	.LVL6:
  38:src/hal_uart.c ****     GPIO_InitStruct.Mode = GPIO_MODE_INPUT;
 190              		.loc 1 38 5 is_stmt 1 view .LVU51
  38:src/hal_uart.c ****     GPIO_InitStruct.Mode = GPIO_MODE_INPUT;
 191              		.loc 1 38 25 is_stmt 0 view .LVU52
 192 005a 4FF48063 		mov	r3, #1024
 193 005e 0293     		str	r3, [sp, #8]
  39:src/hal_uart.c ****     GPIO_InitStruct.Pull = GPIO_NOPULL;
 194              		.loc 1 39 5 is_stmt 1 view .LVU53
  39:src/hal_uart.c ****     GPIO_InitStruct.Pull = GPIO_NOPULL;
 195              		.loc 1 39 26 is_stmt 0 view .LVU54
 196 0060 0024     		movs	r4, #0
 197 0062 0394     		str	r4, [sp, #12]
  40:src/hal_uart.c ****     HAL_GPIO_Init(USART1_TX_PORT, &GPIO_InitStruct);
 198              		.loc 1 40 5 is_stmt 1 view .LVU55
  40:src/hal_uart.c ****     HAL_GPIO_Init(USART1_TX_PORT, &GPIO_InitStruct);
 199              		.loc 1 40 26 is_stmt 0 view .LVU56
 200 0064 0494     		str	r4, [sp, #16]
  41:src/hal_uart.c **** 
 201              		.loc 1 41 5 is_stmt 1 view .LVU57
 202 0066 02A9     		add	r1, sp, #8
 203 0068 2846     		mov	r0, r5
 204 006a FFF7FEFF 		bl	HAL_GPIO_Init
 205              	.LVL7:
  44:src/hal_uart.c ****     HAL_NVIC_EnableIRQ(USART1_IRQn);
 206              		.loc 1 44 5 view .LVU58
 207 006e 2246     		mov	r2, r4
 208 0070 2146     		mov	r1, r4
 209 0072 2520     		movs	r0, #37
 210 0074 FFF7FEFF 		bl	HAL_NVIC_SetPriority
 211              	.LVL8:
  45:src/hal_uart.c ****   }
ARM GAS  C:\Users\binhp\AppData\Local\Temp\ccQj9dR7.s 			page 6


 212              		.loc 1 45 5 view .LVU59
 213 0078 2520     		movs	r0, #37
 214 007a FFF7FEFF 		bl	HAL_NVIC_EnableIRQ
 215              	.LVL9:
 216              		.loc 1 47 1 is_stmt 0 view .LVU60
 217 007e CAE7     		b	.L7
 218              	.L12:
 219              		.align	2
 220              	.L11:
 221 0080 00380140 		.word	1073821696
 222 0084 00080140 		.word	1073809408
 223              		.cfi_endproc
 224              	.LFE66:
 226              		.section	.text.HAL_UART_MspDeInit,"ax",%progbits
 227              		.align	1
 228              		.global	HAL_UART_MspDeInit
 229              		.syntax unified
 230              		.thumb
 231              		.thumb_func
 233              	HAL_UART_MspDeInit:
 234              	.LVL10:
 235              	.LFB67:
  48:src/hal_uart.c **** 
  49:src/hal_uart.c **** void HAL_UART_MspDeInit(UART_HandleTypeDef *uartHandle)
  50:src/hal_uart.c **** {
 236              		.loc 1 50 1 is_stmt 1 view -0
 237              		.cfi_startproc
 238              		@ args = 0, pretend = 0, frame = 0
 239              		@ frame_needed = 0, uses_anonymous_args = 0
  51:src/hal_uart.c **** 
  52:src/hal_uart.c ****   if (uartHandle->Instance == USART1_INSTANCE)
 240              		.loc 1 52 3 view .LVU62
 241              		.loc 1 52 17 is_stmt 0 view .LVU63
 242 0000 0268     		ldr	r2, [r0]
 243              		.loc 1 52 6 view .LVU64
 244 0002 0C4B     		ldr	r3, .L20
 245 0004 9A42     		cmp	r2, r3
 246 0006 00D0     		beq	.L19
 247 0008 7047     		bx	lr
 248              	.L19:
  50:src/hal_uart.c **** 
 249              		.loc 1 50 1 view .LVU65
 250 000a 10B5     		push	{r4, lr}
 251              	.LCFI5:
 252              		.cfi_def_cfa_offset 8
 253              		.cfi_offset 4, -8
 254              		.cfi_offset 14, -4
  53:src/hal_uart.c ****   {
  54:src/hal_uart.c ****     /* Peripheral clock disable */
  55:src/hal_uart.c ****     USART1_CLK_DISABLE();
 255              		.loc 1 55 5 is_stmt 1 view .LVU66
 256 000c 0A4A     		ldr	r2, .L20+4
 257 000e 9369     		ldr	r3, [r2, #24]
 258 0010 23F48043 		bic	r3, r3, #16384
 259 0014 9361     		str	r3, [r2, #24]
  56:src/hal_uart.c **** 
  57:src/hal_uart.c ****     /**USART1 GPIO Configuration
ARM GAS  C:\Users\binhp\AppData\Local\Temp\ccQj9dR7.s 			page 7


  58:src/hal_uart.c ****     PA9     ------> USART1_TX
  59:src/hal_uart.c ****     PA10     ------> USART1_RX
  60:src/hal_uart.c ****     */
  61:src/hal_uart.c ****     HAL_GPIO_DeInit(USART1_RX_PORT, USART1_RX_PIN);
 260              		.loc 1 61 5 view .LVU67
 261 0016 094C     		ldr	r4, .L20+8
 262 0018 4FF40071 		mov	r1, #512
 263 001c 2046     		mov	r0, r4
 264              	.LVL11:
 265              		.loc 1 61 5 is_stmt 0 view .LVU68
 266 001e FFF7FEFF 		bl	HAL_GPIO_DeInit
 267              	.LVL12:
  62:src/hal_uart.c ****     HAL_GPIO_DeInit(USART1_TX_PORT, USART1_TX_PIN);
 268              		.loc 1 62 5 is_stmt 1 view .LVU69
 269 0022 4FF48061 		mov	r1, #1024
 270 0026 2046     		mov	r0, r4
 271 0028 FFF7FEFF 		bl	HAL_GPIO_DeInit
 272              	.LVL13:
  63:src/hal_uart.c ****     /* USART1 interrupt Deinit */
  64:src/hal_uart.c ****     HAL_NVIC_DisableIRQ(USART1_IRQn);
 273              		.loc 1 64 5 view .LVU70
 274 002c 2520     		movs	r0, #37
 275 002e FFF7FEFF 		bl	HAL_NVIC_DisableIRQ
 276              	.LVL14:
  65:src/hal_uart.c ****   }
  66:src/hal_uart.c **** }
 277              		.loc 1 66 1 is_stmt 0 view .LVU71
 278 0032 10BD     		pop	{r4, pc}
 279              	.L21:
 280              		.align	2
 281              	.L20:
 282 0034 00380140 		.word	1073821696
 283 0038 00100240 		.word	1073876992
 284 003c 00080140 		.word	1073809408
 285              		.cfi_endproc
 286              	.LFE67:
 288              		.section	.text.uart_send,"ax",%progbits
 289              		.align	1
 290              		.global	uart_send
 291              		.syntax unified
 292              		.thumb
 293              		.thumb_func
 295              	uart_send:
 296              	.LVL15:
 297              	.LFB68:
  67:src/hal_uart.c **** #define UART_BUFFER_SIZE 64
  68:src/hal_uart.c **** uint8_t uart_rx_buffer[UART_BUFFER_SIZE]; // Buffer for received data
  69:src/hal_uart.c **** 
  70:src/hal_uart.c **** void uart_send(uint8_t *data, uint16_t size)
  71:src/hal_uart.c **** {
 298              		.loc 1 71 1 is_stmt 1 view -0
 299              		.cfi_startproc
 300              		@ args = 0, pretend = 0, frame = 0
 301              		@ frame_needed = 0, uses_anonymous_args = 0
 302              		.loc 1 71 1 is_stmt 0 view .LVU73
 303 0000 08B5     		push	{r3, lr}
 304              	.LCFI6:
ARM GAS  C:\Users\binhp\AppData\Local\Temp\ccQj9dR7.s 			page 8


 305              		.cfi_def_cfa_offset 8
 306              		.cfi_offset 3, -8
 307              		.cfi_offset 14, -4
 308 0002 0A46     		mov	r2, r1
  72:src/hal_uart.c ****   HAL_UART_Transmit(&huart1, data, size, HAL_MAX_DELAY);
 309              		.loc 1 72 3 is_stmt 1 view .LVU74
 310 0004 4FF0FF33 		mov	r3, #-1
 311 0008 0146     		mov	r1, r0
 312              	.LVL16:
 313              		.loc 1 72 3 is_stmt 0 view .LVU75
 314 000a 0248     		ldr	r0, .L24
 315              	.LVL17:
 316              		.loc 1 72 3 view .LVU76
 317 000c FFF7FEFF 		bl	HAL_UART_Transmit
 318              	.LVL18:
  73:src/hal_uart.c **** }
 319              		.loc 1 73 1 view .LVU77
 320 0010 08BD     		pop	{r3, pc}
 321              	.L25:
 322 0012 00BF     		.align	2
 323              	.L24:
 324 0014 00000000 		.word	huart1
 325              		.cfi_endproc
 326              	.LFE68:
 328              		.section	.text.uart_read,"ax",%progbits
 329              		.align	1
 330              		.global	uart_read
 331              		.syntax unified
 332              		.thumb
 333              		.thumb_func
 335              	uart_read:
 336              	.LFB69:
  74:src/hal_uart.c **** 
  75:src/hal_uart.c **** void uart_read(void)
  76:src/hal_uart.c **** {
 337              		.loc 1 76 1 is_stmt 1 view -0
 338              		.cfi_startproc
 339              		@ args = 0, pretend = 0, frame = 0
 340              		@ frame_needed = 0, uses_anonymous_args = 0
 341 0000 08B5     		push	{r3, lr}
 342              	.LCFI7:
 343              		.cfi_def_cfa_offset 8
 344              		.cfi_offset 3, -8
 345              		.cfi_offset 14, -4
  77:src/hal_uart.c ****   HAL_UART_Receive_IT(&huart1, uart_rx_buffer, UART_BUFFER_SIZE);
 346              		.loc 1 77 3 view .LVU79
 347 0002 4022     		movs	r2, #64
 348 0004 0249     		ldr	r1, .L28
 349 0006 0348     		ldr	r0, .L28+4
 350 0008 FFF7FEFF 		bl	HAL_UART_Receive_IT
 351              	.LVL19:
  78:src/hal_uart.c **** }
 352              		.loc 1 78 1 is_stmt 0 view .LVU80
 353 000c 08BD     		pop	{r3, pc}
 354              	.L29:
 355 000e 00BF     		.align	2
 356              	.L28:
ARM GAS  C:\Users\binhp\AppData\Local\Temp\ccQj9dR7.s 			page 9


 357 0010 00000000 		.word	uart_rx_buffer
 358 0014 00000000 		.word	huart1
 359              		.cfi_endproc
 360              	.LFE69:
 362              		.section	.text.HAL_UART_RxCpltCallback,"ax",%progbits
 363              		.align	1
 364              		.global	HAL_UART_RxCpltCallback
 365              		.syntax unified
 366              		.thumb
 367              		.thumb_func
 369              	HAL_UART_RxCpltCallback:
 370              	.LVL20:
 371              	.LFB70:
  79:src/hal_uart.c **** 
  80:src/hal_uart.c **** // Callback function for UART reception complete interrupt
  81:src/hal_uart.c **** void HAL_UART_RxCpltCallback(UART_HandleTypeDef *huart)
  82:src/hal_uart.c **** {
 372              		.loc 1 82 1 is_stmt 1 view -0
 373              		.cfi_startproc
 374              		@ args = 0, pretend = 0, frame = 0
 375              		@ frame_needed = 0, uses_anonymous_args = 0
 376              		.loc 1 82 1 is_stmt 0 view .LVU82
 377 0000 08B5     		push	{r3, lr}
 378              	.LCFI8:
 379              		.cfi_def_cfa_offset 8
 380              		.cfi_offset 3, -8
 381              		.cfi_offset 14, -4
  83:src/hal_uart.c ****   if (huart->Instance == USART1)
 382              		.loc 1 83 3 is_stmt 1 view .LVU83
 383              		.loc 1 83 12 is_stmt 0 view .LVU84
 384 0002 0268     		ldr	r2, [r0]
 385              		.loc 1 83 6 view .LVU85
 386 0004 044B     		ldr	r3, .L34
 387 0006 9A42     		cmp	r2, r3
 388 0008 00D0     		beq	.L33
 389              	.LVL21:
 390              	.L30:
  84:src/hal_uart.c ****   { // Ensure it's the correct UART instance
  85:src/hal_uart.c ****     // Process received data (for example, send it back as an echo)
  86:src/hal_uart.c ****     // uart_send(uart_rx_buffer, UART_BUFFER_SIZE);
  87:src/hal_uart.c **** 
  88:src/hal_uart.c ****     // Restart UART reception (needed for continuous reception)
  89:src/hal_uart.c ****     HAL_UART_Receive_IT(&huart1, uart_rx_buffer, UART_BUFFER_SIZE);
  90:src/hal_uart.c ****   }
  91:src/hal_uart.c **** }...
 391              		.loc 1 91 1 view .LVU86
 392 000a 08BD     		pop	{r3, pc}
 393              	.LVL22:
 394              	.L33:
  89:src/hal_uart.c ****     HAL_UART_Receive_IT(&huart1, uart_rx_buffer, UART_BUFFER_SIZE);
 395              		.loc 1 89 5 is_stmt 1 view .LVU87
 396 000c 4022     		movs	r2, #64
 397 000e 0349     		ldr	r1, .L34+4
 398 0010 0348     		ldr	r0, .L34+8
 399              	.LVL23:
  89:src/hal_uart.c ****     HAL_UART_Receive_IT(&huart1, uart_rx_buffer, UART_BUFFER_SIZE);
 400              		.loc 1 89 5 is_stmt 0 view .LVU88
ARM GAS  C:\Users\binhp\AppData\Local\Temp\ccQj9dR7.s 			page 10


 401 0012 FFF7FEFF 		bl	HAL_UART_Receive_IT
 402              	.LVL24:
 403              		.loc 1 91 1 view .LVU89
 404 0016 F8E7     		b	.L30
 405              	.L35:
 406              		.align	2
 407              	.L34:
 408 0018 00380140 		.word	1073821696
 409 001c 00000000 		.word	uart_rx_buffer
 410 0020 00000000 		.word	huart1
 411              		.cfi_endproc
 412              	.LFE70:
 414              		.global	uart_rx_buffer
 415              		.section	.bss.uart_rx_buffer,"aw",%nobits
 416              		.align	2
 419              	uart_rx_buffer:
 420 0000 00000000 		.space	64
 420      00000000 
 420      00000000 
 420      00000000 
 420      00000000 
 421              		.global	huart1
 422              		.section	.bss.huart1,"aw",%nobits
 423              		.align	2
 426              	huart1:
 427 0000 00000000 		.space	72
 427      00000000 
 427      00000000 
 427      00000000 
 427      00000000 
 428              		.text
 429              	.Letext0:
 430              		.file 2 "Drivers/CMSIS/Device/ST/STM32F1xx/include/stm32f103xb.h"
 431              		.file 3 "C:/msys64/mingw64/arm-none-eabi/include/machine/_default_types.h"
 432              		.file 4 "C:/msys64/mingw64/arm-none-eabi/include/sys/_stdint.h"
 433              		.file 5 "Drivers/STM32F1xx_HAL_Driver/inc/stm32f1xx_hal_def.h"
 434              		.file 6 "Drivers/STM32F1xx_HAL_Driver/inc/stm32f1xx_hal_gpio.h"
 435              		.file 7 "Drivers/STM32F1xx_HAL_Driver/inc/stm32f1xx_hal_dma.h"
 436              		.file 8 "Drivers/STM32F1xx_HAL_Driver/inc/stm32f1xx_hal_uart.h"
 437              		.file 9 "inc/hal_uart.h"
 438              		.file 10 "Drivers/STM32F1xx_HAL_Driver/inc/stm32f1xx_hal_cortex.h"
 439              		.file 11 "inc/main.h"
ARM GAS  C:\Users\binhp\AppData\Local\Temp\ccQj9dR7.s 			page 11


DEFINED SYMBOLS
                            *ABS*:00000000 hal_uart.c
C:\Users\binhp\AppData\Local\Temp\ccQj9dR7.s:19     .text.MX_USART1_UART_Init:00000000 $t
C:\Users\binhp\AppData\Local\Temp\ccQj9dR7.s:25     .text.MX_USART1_UART_Init:00000000 MX_USART1_UART_Init
C:\Users\binhp\AppData\Local\Temp\ccQj9dR7.s:83     .text.MX_USART1_UART_Init:0000002c $d
C:\Users\binhp\AppData\Local\Temp\ccQj9dR7.s:426    .bss.huart1:00000000 huart1
C:\Users\binhp\AppData\Local\Temp\ccQj9dR7.s:89     .text.HAL_UART_MspInit:00000000 $t
C:\Users\binhp\AppData\Local\Temp\ccQj9dR7.s:95     .text.HAL_UART_MspInit:00000000 HAL_UART_MspInit
C:\Users\binhp\AppData\Local\Temp\ccQj9dR7.s:221    .text.HAL_UART_MspInit:00000080 $d
C:\Users\binhp\AppData\Local\Temp\ccQj9dR7.s:227    .text.HAL_UART_MspDeInit:00000000 $t
C:\Users\binhp\AppData\Local\Temp\ccQj9dR7.s:233    .text.HAL_UART_MspDeInit:00000000 HAL_UART_MspDeInit
C:\Users\binhp\AppData\Local\Temp\ccQj9dR7.s:282    .text.HAL_UART_MspDeInit:00000034 $d
C:\Users\binhp\AppData\Local\Temp\ccQj9dR7.s:289    .text.uart_send:00000000 $t
C:\Users\binhp\AppData\Local\Temp\ccQj9dR7.s:295    .text.uart_send:00000000 uart_send
C:\Users\binhp\AppData\Local\Temp\ccQj9dR7.s:324    .text.uart_send:00000014 $d
C:\Users\binhp\AppData\Local\Temp\ccQj9dR7.s:329    .text.uart_read:00000000 $t
C:\Users\binhp\AppData\Local\Temp\ccQj9dR7.s:335    .text.uart_read:00000000 uart_read
C:\Users\binhp\AppData\Local\Temp\ccQj9dR7.s:357    .text.uart_read:00000010 $d
C:\Users\binhp\AppData\Local\Temp\ccQj9dR7.s:419    .bss.uart_rx_buffer:00000000 uart_rx_buffer
C:\Users\binhp\AppData\Local\Temp\ccQj9dR7.s:363    .text.HAL_UART_RxCpltCallback:00000000 $t
C:\Users\binhp\AppData\Local\Temp\ccQj9dR7.s:369    .text.HAL_UART_RxCpltCallback:00000000 HAL_UART_RxCpltCallback
C:\Users\binhp\AppData\Local\Temp\ccQj9dR7.s:408    .text.HAL_UART_RxCpltCallback:00000018 $d
C:\Users\binhp\AppData\Local\Temp\ccQj9dR7.s:416    .bss.uart_rx_buffer:00000000 $d
C:\Users\binhp\AppData\Local\Temp\ccQj9dR7.s:423    .bss.huart1:00000000 $d

UNDEFINED SYMBOLS
HAL_UART_Init
Error_Handler
HAL_GPIO_Init
HAL_NVIC_SetPriority
HAL_NVIC_EnableIRQ
HAL_GPIO_DeInit
HAL_NVIC_DisableIRQ
HAL_UART_Transmit
HAL_UART_Receive_IT
