ARM GAS  C:\Users\binhp\AppData\Local\Temp\ccWEoug8.s 			page 1


   1              		.cpu cortex-m3
   2              		.arch armv7-m
   3              		.fpu softvfp
   4              		.eabi_attribute 20, 1
   5              		.eabi_attribute 21, 1
   6              		.eabi_attribute 23, 3
   7              		.eabi_attribute 24, 1
   8              		.eabi_attribute 25, 1
   9              		.eabi_attribute 26, 1
  10              		.eabi_attribute 30, 1
  11              		.eabi_attribute 34, 1
  12              		.eabi_attribute 18, 4
  13              		.file	"hal_i2c.c"
  14              		.text
  15              	.Ltext0:
  16              		.cfi_sections	.debug_frame
  17              		.file 1 "src/hal_i2c.c"
  18              		.section	.text.MX_I2C1_Init,"ax",%progbits
  19              		.align	1
  20              		.global	MX_I2C1_Init
  21              		.syntax unified
  22              		.thumb
  23              		.thumb_func
  25              	MX_I2C1_Init:
  26              	.LFB65:
   1:src/hal_i2c.c **** #include "hal_i2c.h"
   2:src/hal_i2c.c **** 
   3:src/hal_i2c.c **** 
   4:src/hal_i2c.c **** 
   5:src/hal_i2c.c **** I2C_HandleTypeDef hi2c1;
   6:src/hal_i2c.c **** 
   7:src/hal_i2c.c **** /* I2C1 init function */
   8:src/hal_i2c.c **** void MX_I2C1_Init(void)
   9:src/hal_i2c.c **** {
  27              		.loc 1 9 1 view -0
  28              		.cfi_startproc
  29              		@ args = 0, pretend = 0, frame = 0
  30              		@ frame_needed = 0, uses_anonymous_args = 0
  31 0000 08B5     		push	{r3, lr}
  32              	.LCFI0:
  33              		.cfi_def_cfa_offset 8
  34              		.cfi_offset 3, -8
  35              		.cfi_offset 14, -4
  10:src/hal_i2c.c ****   hi2c1.Instance = I2C1;
  36              		.loc 1 10 3 view .LVU1
  37              		.loc 1 10 18 is_stmt 0 view .LVU2
  38 0002 0B48     		ldr	r0, .L5
  39 0004 0B4B     		ldr	r3, .L5+4
  40 0006 0360     		str	r3, [r0]
  11:src/hal_i2c.c ****   hi2c1.Init.ClockSpeed = 100000;
  41              		.loc 1 11 3 is_stmt 1 view .LVU3
  42              		.loc 1 11 25 is_stmt 0 view .LVU4
  43 0008 0B4B     		ldr	r3, .L5+8
  44 000a 4360     		str	r3, [r0, #4]
  12:src/hal_i2c.c ****   hi2c1.Init.DutyCycle = I2C_DUTYCYCLE_2;
  45              		.loc 1 12 3 is_stmt 1 view .LVU5
  46              		.loc 1 12 24 is_stmt 0 view .LVU6
ARM GAS  C:\Users\binhp\AppData\Local\Temp\ccWEoug8.s 			page 2


  47 000c 0023     		movs	r3, #0
  48 000e 8360     		str	r3, [r0, #8]
  13:src/hal_i2c.c ****   hi2c1.Init.OwnAddress1 = 0;
  49              		.loc 1 13 3 is_stmt 1 view .LVU7
  50              		.loc 1 13 26 is_stmt 0 view .LVU8
  51 0010 C360     		str	r3, [r0, #12]
  14:src/hal_i2c.c ****   hi2c1.Init.AddressingMode = I2C_ADDRESSINGMODE_7BIT;
  52              		.loc 1 14 3 is_stmt 1 view .LVU9
  53              		.loc 1 14 29 is_stmt 0 view .LVU10
  54 0012 4FF48042 		mov	r2, #16384
  55 0016 0261     		str	r2, [r0, #16]
  15:src/hal_i2c.c ****   hi2c1.Init.DualAddressMode = I2C_DUALADDRESS_DISABLE;
  56              		.loc 1 15 3 is_stmt 1 view .LVU11
  57              		.loc 1 15 30 is_stmt 0 view .LVU12
  58 0018 4361     		str	r3, [r0, #20]
  16:src/hal_i2c.c ****   hi2c1.Init.OwnAddress2 = 0;
  59              		.loc 1 16 3 is_stmt 1 view .LVU13
  60              		.loc 1 16 26 is_stmt 0 view .LVU14
  61 001a 8361     		str	r3, [r0, #24]
  17:src/hal_i2c.c ****   hi2c1.Init.GeneralCallMode = I2C_GENERALCALL_DISABLE;
  62              		.loc 1 17 3 is_stmt 1 view .LVU15
  63              		.loc 1 17 30 is_stmt 0 view .LVU16
  64 001c C361     		str	r3, [r0, #28]
  18:src/hal_i2c.c ****   hi2c1.Init.NoStretchMode = I2C_NOSTRETCH_DISABLE;
  65              		.loc 1 18 3 is_stmt 1 view .LVU17
  66              		.loc 1 18 28 is_stmt 0 view .LVU18
  67 001e 0362     		str	r3, [r0, #32]
  19:src/hal_i2c.c ****   if (HAL_I2C_Init(&hi2c1) != HAL_OK)
  68              		.loc 1 19 3 is_stmt 1 view .LVU19
  69              		.loc 1 19 7 is_stmt 0 view .LVU20
  70 0020 FFF7FEFF 		bl	HAL_I2C_Init
  71              	.LVL0:
  72              		.loc 1 19 6 discriminator 1 view .LVU21
  73 0024 00B9     		cbnz	r0, .L4
  74              	.L1:
  20:src/hal_i2c.c ****   {
  21:src/hal_i2c.c ****     Error_Handler();
  22:src/hal_i2c.c ****   }
  23:src/hal_i2c.c **** }
  75              		.loc 1 23 1 view .LVU22
  76 0026 08BD     		pop	{r3, pc}
  77              	.L4:
  21:src/hal_i2c.c ****   }
  78              		.loc 1 21 5 is_stmt 1 view .LVU23
  79 0028 FFF7FEFF 		bl	Error_Handler
  80              	.LVL1:
  81              		.loc 1 23 1 is_stmt 0 view .LVU24
  82 002c FBE7     		b	.L1
  83              	.L6:
  84 002e 00BF     		.align	2
  85              	.L5:
  86 0030 00000000 		.word	hi2c1
  87 0034 00540040 		.word	1073763328
  88 0038 A0860100 		.word	100000
  89              		.cfi_endproc
  90              	.LFE65:
  92              		.section	.text.HAL_I2C_MspInit,"ax",%progbits
ARM GAS  C:\Users\binhp\AppData\Local\Temp\ccWEoug8.s 			page 3


  93              		.align	1
  94              		.global	HAL_I2C_MspInit
  95              		.syntax unified
  96              		.thumb
  97              		.thumb_func
  99              	HAL_I2C_MspInit:
 100              	.LVL2:
 101              	.LFB66:
  24:src/hal_i2c.c **** 
  25:src/hal_i2c.c **** void HAL_I2C_MspInit(I2C_HandleTypeDef *i2cHandle)
  26:src/hal_i2c.c **** {
 102              		.loc 1 26 1 is_stmt 1 view -0
 103              		.cfi_startproc
 104              		@ args = 0, pretend = 0, frame = 24
 105              		@ frame_needed = 0, uses_anonymous_args = 0
 106              		.loc 1 26 1 is_stmt 0 view .LVU26
 107 0000 10B5     		push	{r4, lr}
 108              	.LCFI1:
 109              		.cfi_def_cfa_offset 8
 110              		.cfi_offset 4, -8
 111              		.cfi_offset 14, -4
 112 0002 86B0     		sub	sp, sp, #24
 113              	.LCFI2:
 114              		.cfi_def_cfa_offset 32
  27:src/hal_i2c.c **** 
  28:src/hal_i2c.c ****   GPIO_InitTypeDef GPIO_InitStruct = {0};
 115              		.loc 1 28 3 is_stmt 1 view .LVU27
 116              		.loc 1 28 20 is_stmt 0 view .LVU28
 117 0004 0023     		movs	r3, #0
 118 0006 0293     		str	r3, [sp, #8]
 119 0008 0393     		str	r3, [sp, #12]
 120 000a 0493     		str	r3, [sp, #16]
 121 000c 0593     		str	r3, [sp, #20]
  29:src/hal_i2c.c ****   if (i2cHandle->Instance == I2C1)
 122              		.loc 1 29 3 is_stmt 1 view .LVU29
 123              		.loc 1 29 16 is_stmt 0 view .LVU30
 124 000e 0268     		ldr	r2, [r0]
 125              		.loc 1 29 6 view .LVU31
 126 0010 194B     		ldr	r3, .L11
 127 0012 9A42     		cmp	r2, r3
 128 0014 01D0     		beq	.L10
 129              	.LVL3:
 130              	.L7:
  30:src/hal_i2c.c ****   {
  31:src/hal_i2c.c ****     I2C1_GPIO_CLK_ENABLE();
  32:src/hal_i2c.c ****     /**I2C1 GPIO Configuration
  33:src/hal_i2c.c ****     PB6     ------> I2C1_SCL
  34:src/hal_i2c.c ****     PB7     ------> I2C1_SDA
  35:src/hal_i2c.c ****     */
  36:src/hal_i2c.c ****     GPIO_InitStruct.Pin = I2C1_SCL_PIN | I2C1_SDA_PIN;
  37:src/hal_i2c.c ****     GPIO_InitStruct.Mode = GPIO_MODE_AF_OD;
  38:src/hal_i2c.c ****     GPIO_InitStruct.Speed = GPIO_SPEED_FREQ_HIGH;
  39:src/hal_i2c.c ****     HAL_GPIO_Init(GPIOB, &GPIO_InitStruct);
  40:src/hal_i2c.c **** 
  41:src/hal_i2c.c ****     /* I2C1 clock enable */
  42:src/hal_i2c.c ****     __HAL_RCC_I2C1_CLK_ENABLE();
  43:src/hal_i2c.c **** 
ARM GAS  C:\Users\binhp\AppData\Local\Temp\ccWEoug8.s 			page 4


  44:src/hal_i2c.c ****     /* I2C1 interrupt Init */
  45:src/hal_i2c.c ****     HAL_NVIC_SetPriority(I2C1_EV_IRQn, 0, 0);
  46:src/hal_i2c.c ****     HAL_NVIC_EnableIRQ(I2C1_EV_IRQn);
  47:src/hal_i2c.c ****     HAL_NVIC_SetPriority(I2C1_ER_IRQn, 0, 0);
  48:src/hal_i2c.c ****     HAL_NVIC_EnableIRQ(I2C1_ER_IRQn);
  49:src/hal_i2c.c ****   }
  50:src/hal_i2c.c **** }
 131              		.loc 1 50 1 view .LVU32
 132 0016 06B0     		add	sp, sp, #24
 133              	.LCFI3:
 134              		.cfi_remember_state
 135              		.cfi_def_cfa_offset 8
 136              		@ sp needed
 137 0018 10BD     		pop	{r4, pc}
 138              	.LVL4:
 139              	.L10:
 140              	.LCFI4:
 141              		.cfi_restore_state
  31:src/hal_i2c.c ****     /**I2C1 GPIO Configuration
 142              		.loc 1 31 5 is_stmt 1 view .LVU33
 143              	.LBB2:
  31:src/hal_i2c.c ****     /**I2C1 GPIO Configuration
 144              		.loc 1 31 5 view .LVU34
  31:src/hal_i2c.c ****     /**I2C1 GPIO Configuration
 145              		.loc 1 31 5 view .LVU35
 146 001a 184C     		ldr	r4, .L11+4
 147 001c A369     		ldr	r3, [r4, #24]
 148 001e 43F00803 		orr	r3, r3, #8
 149 0022 A361     		str	r3, [r4, #24]
  31:src/hal_i2c.c ****     /**I2C1 GPIO Configuration
 150              		.loc 1 31 5 view .LVU36
 151 0024 A369     		ldr	r3, [r4, #24]
 152 0026 03F00803 		and	r3, r3, #8
 153 002a 0093     		str	r3, [sp]
  31:src/hal_i2c.c ****     /**I2C1 GPIO Configuration
 154              		.loc 1 31 5 view .LVU37
 155 002c 009B     		ldr	r3, [sp]
 156              	.LBE2:
  31:src/hal_i2c.c ****     /**I2C1 GPIO Configuration
 157              		.loc 1 31 5 view .LVU38
  36:src/hal_i2c.c ****     GPIO_InitStruct.Mode = GPIO_MODE_AF_OD;
 158              		.loc 1 36 5 view .LVU39
  36:src/hal_i2c.c ****     GPIO_InitStruct.Mode = GPIO_MODE_AF_OD;
 159              		.loc 1 36 25 is_stmt 0 view .LVU40
 160 002e C023     		movs	r3, #192
 161 0030 0293     		str	r3, [sp, #8]
  37:src/hal_i2c.c ****     GPIO_InitStruct.Speed = GPIO_SPEED_FREQ_HIGH;
 162              		.loc 1 37 5 is_stmt 1 view .LVU41
  37:src/hal_i2c.c ****     GPIO_InitStruct.Speed = GPIO_SPEED_FREQ_HIGH;
 163              		.loc 1 37 26 is_stmt 0 view .LVU42
 164 0032 1223     		movs	r3, #18
 165 0034 0393     		str	r3, [sp, #12]
  38:src/hal_i2c.c ****     HAL_GPIO_Init(GPIOB, &GPIO_InitStruct);
 166              		.loc 1 38 5 is_stmt 1 view .LVU43
  38:src/hal_i2c.c ****     HAL_GPIO_Init(GPIOB, &GPIO_InitStruct);
 167              		.loc 1 38 27 is_stmt 0 view .LVU44
 168 0036 0323     		movs	r3, #3
ARM GAS  C:\Users\binhp\AppData\Local\Temp\ccWEoug8.s 			page 5


 169 0038 0593     		str	r3, [sp, #20]
  39:src/hal_i2c.c **** 
 170              		.loc 1 39 5 is_stmt 1 view .LVU45
 171 003a 02A9     		add	r1, sp, #8
 172 003c 1048     		ldr	r0, .L11+8
 173              	.LVL5:
  39:src/hal_i2c.c **** 
 174              		.loc 1 39 5 is_stmt 0 view .LVU46
 175 003e FFF7FEFF 		bl	HAL_GPIO_Init
 176              	.LVL6:
  42:src/hal_i2c.c **** 
 177              		.loc 1 42 5 is_stmt 1 view .LVU47
 178              	.LBB3:
  42:src/hal_i2c.c **** 
 179              		.loc 1 42 5 view .LVU48
  42:src/hal_i2c.c **** 
 180              		.loc 1 42 5 view .LVU49
 181 0042 E369     		ldr	r3, [r4, #28]
 182 0044 43F40013 		orr	r3, r3, #2097152
 183 0048 E361     		str	r3, [r4, #28]
  42:src/hal_i2c.c **** 
 184              		.loc 1 42 5 view .LVU50
 185 004a E369     		ldr	r3, [r4, #28]
 186 004c 03F40013 		and	r3, r3, #2097152
 187 0050 0193     		str	r3, [sp, #4]
  42:src/hal_i2c.c **** 
 188              		.loc 1 42 5 view .LVU51
 189 0052 019B     		ldr	r3, [sp, #4]
 190              	.LBE3:
  42:src/hal_i2c.c **** 
 191              		.loc 1 42 5 view .LVU52
  45:src/hal_i2c.c ****     HAL_NVIC_EnableIRQ(I2C1_EV_IRQn);
 192              		.loc 1 45 5 view .LVU53
 193 0054 0022     		movs	r2, #0
 194 0056 1146     		mov	r1, r2
 195 0058 1F20     		movs	r0, #31
 196 005a FFF7FEFF 		bl	HAL_NVIC_SetPriority
 197              	.LVL7:
  46:src/hal_i2c.c ****     HAL_NVIC_SetPriority(I2C1_ER_IRQn, 0, 0);
 198              		.loc 1 46 5 view .LVU54
 199 005e 1F20     		movs	r0, #31
 200 0060 FFF7FEFF 		bl	HAL_NVIC_EnableIRQ
 201              	.LVL8:
  47:src/hal_i2c.c ****     HAL_NVIC_EnableIRQ(I2C1_ER_IRQn);
 202              		.loc 1 47 5 view .LVU55
 203 0064 0022     		movs	r2, #0
 204 0066 1146     		mov	r1, r2
 205 0068 2020     		movs	r0, #32
 206 006a FFF7FEFF 		bl	HAL_NVIC_SetPriority
 207              	.LVL9:
  48:src/hal_i2c.c ****   }
 208              		.loc 1 48 5 view .LVU56
 209 006e 2020     		movs	r0, #32
 210 0070 FFF7FEFF 		bl	HAL_NVIC_EnableIRQ
 211              	.LVL10:
 212              		.loc 1 50 1 is_stmt 0 view .LVU57
 213 0074 CFE7     		b	.L7
ARM GAS  C:\Users\binhp\AppData\Local\Temp\ccWEoug8.s 			page 6


 214              	.L12:
 215 0076 00BF     		.align	2
 216              	.L11:
 217 0078 00540040 		.word	1073763328
 218 007c 00100240 		.word	1073876992
 219 0080 000C0140 		.word	1073810432
 220              		.cfi_endproc
 221              	.LFE66:
 223              		.section	.text.HAL_I2C_MspDeInit,"ax",%progbits
 224              		.align	1
 225              		.global	HAL_I2C_MspDeInit
 226              		.syntax unified
 227              		.thumb
 228              		.thumb_func
 230              	HAL_I2C_MspDeInit:
 231              	.LVL11:
 232              	.LFB67:
  51:src/hal_i2c.c **** 
  52:src/hal_i2c.c **** void HAL_I2C_MspDeInit(I2C_HandleTypeDef *i2cHandle)
  53:src/hal_i2c.c **** {
 233              		.loc 1 53 1 is_stmt 1 view -0
 234              		.cfi_startproc
 235              		@ args = 0, pretend = 0, frame = 0
 236              		@ frame_needed = 0, uses_anonymous_args = 0
  54:src/hal_i2c.c **** 
  55:src/hal_i2c.c ****   if (i2cHandle->Instance == I2C1)
 237              		.loc 1 55 3 view .LVU59
 238              		.loc 1 55 16 is_stmt 0 view .LVU60
 239 0000 0268     		ldr	r2, [r0]
 240              		.loc 1 55 6 view .LVU61
 241 0002 0D4B     		ldr	r3, .L20
 242 0004 9A42     		cmp	r2, r3
 243 0006 00D0     		beq	.L19
 244 0008 7047     		bx	lr
 245              	.L19:
  53:src/hal_i2c.c **** 
 246              		.loc 1 53 1 view .LVU62
 247 000a 10B5     		push	{r4, lr}
 248              	.LCFI5:
 249              		.cfi_def_cfa_offset 8
 250              		.cfi_offset 4, -8
 251              		.cfi_offset 14, -4
  56:src/hal_i2c.c ****   {
  57:src/hal_i2c.c ****     /* Peripheral clock disable */
  58:src/hal_i2c.c ****     I2C1_GPIO_CLK_DISABLE();
 252              		.loc 1 58 5 is_stmt 1 view .LVU63
 253 000c 0B4A     		ldr	r2, .L20+4
 254 000e 9369     		ldr	r3, [r2, #24]
 255 0010 23F00803 		bic	r3, r3, #8
 256 0014 9361     		str	r3, [r2, #24]
  59:src/hal_i2c.c **** 
  60:src/hal_i2c.c ****     /**I2C1 GPIO Configuration
  61:src/hal_i2c.c ****     PB6     ------> I2C1_SCL
  62:src/hal_i2c.c ****     PB7     ------> I2C1_SDA
  63:src/hal_i2c.c ****     */
  64:src/hal_i2c.c ****     HAL_GPIO_DeInit(I2C1_SCL_PORT, I2C1_SCL_PIN);
 257              		.loc 1 64 5 view .LVU64
ARM GAS  C:\Users\binhp\AppData\Local\Temp\ccWEoug8.s 			page 7


 258 0016 0A4C     		ldr	r4, .L20+8
 259 0018 4021     		movs	r1, #64
 260 001a 2046     		mov	r0, r4
 261              	.LVL12:
 262              		.loc 1 64 5 is_stmt 0 view .LVU65
 263 001c FFF7FEFF 		bl	HAL_GPIO_DeInit
 264              	.LVL13:
  65:src/hal_i2c.c ****     HAL_GPIO_DeInit(I2C1_SDA_PORT, I2C1_SDA_PIN);
 265              		.loc 1 65 5 is_stmt 1 view .LVU66
 266 0020 8021     		movs	r1, #128
 267 0022 2046     		mov	r0, r4
 268 0024 FFF7FEFF 		bl	HAL_GPIO_DeInit
 269              	.LVL14:
  66:src/hal_i2c.c **** 
  67:src/hal_i2c.c ****     /* I2C1 interrupt Deinit */
  68:src/hal_i2c.c ****     HAL_NVIC_DisableIRQ(I2C1_EV_IRQn);
 270              		.loc 1 68 5 view .LVU67
 271 0028 1F20     		movs	r0, #31
 272 002a FFF7FEFF 		bl	HAL_NVIC_DisableIRQ
 273              	.LVL15:
  69:src/hal_i2c.c ****     HAL_NVIC_DisableIRQ(I2C1_ER_IRQn);
 274              		.loc 1 69 5 view .LVU68
 275 002e 2020     		movs	r0, #32
 276 0030 FFF7FEFF 		bl	HAL_NVIC_DisableIRQ
 277              	.LVL16:
  70:src/hal_i2c.c ****   }
  71:src/hal_i2c.c **** }
 278              		.loc 1 71 1 is_stmt 0 view .LVU69
 279 0034 10BD     		pop	{r4, pc}
 280              	.L21:
 281 0036 00BF     		.align	2
 282              	.L20:
 283 0038 00540040 		.word	1073763328
 284 003c 00100240 		.word	1073876992
 285 0040 000C0140 		.word	1073810432
 286              		.cfi_endproc
 287              	.LFE67:
 289              		.section	.text.stm32_i2c_write_reg,"ax",%progbits
 290              		.align	1
 291              		.global	stm32_i2c_write_reg
 292              		.syntax unified
 293              		.thumb
 294              		.thumb_func
 296              	stm32_i2c_write_reg:
 297              	.LVL17:
 298              	.LFB68:
  72:src/hal_i2c.c **** 
  73:src/hal_i2c.c **** void stm32_i2c_write_reg(uint8_t reg, uint8_t value) {
 299              		.loc 1 73 54 is_stmt 1 view -0
 300              		.cfi_startproc
 301              		@ args = 0, pretend = 0, frame = 8
 302              		@ frame_needed = 0, uses_anonymous_args = 0
 303              		.loc 1 73 54 is_stmt 0 view .LVU71
 304 0000 00B5     		push	{lr}
 305              	.LCFI6:
 306              		.cfi_def_cfa_offset 4
 307              		.cfi_offset 14, -4
ARM GAS  C:\Users\binhp\AppData\Local\Temp\ccWEoug8.s 			page 8


 308 0002 85B0     		sub	sp, sp, #20
 309              	.LCFI7:
 310              		.cfi_def_cfa_offset 24
  74:src/hal_i2c.c ****   uint8_t data[2] = {reg, value};
 311              		.loc 1 74 3 is_stmt 1 view .LVU72
 312              		.loc 1 74 11 is_stmt 0 view .LVU73
 313 0004 8DF80C00 		strb	r0, [sp, #12]
 314 0008 8DF80D10 		strb	r1, [sp, #13]
  75:src/hal_i2c.c ****   HAL_I2C_Master_Transmit(&hi2c1, I2C1_ADDRESS, data, 2, HAL_MAX_DELAY);
 315              		.loc 1 75 3 is_stmt 1 view .LVU74
 316 000c 4FF0FF33 		mov	r3, #-1
 317 0010 0093     		str	r3, [sp]
 318 0012 0223     		movs	r3, #2
 319 0014 03AA     		add	r2, sp, #12
 320 0016 D021     		movs	r1, #208
 321              	.LVL18:
 322              		.loc 1 75 3 is_stmt 0 view .LVU75
 323 0018 0248     		ldr	r0, .L24
 324              	.LVL19:
 325              		.loc 1 75 3 view .LVU76
 326 001a FFF7FEFF 		bl	HAL_I2C_Master_Transmit
 327              	.LVL20:
  76:src/hal_i2c.c **** }
 328              		.loc 1 76 1 view .LVU77
 329 001e 05B0     		add	sp, sp, #20
 330              	.LCFI8:
 331              		.cfi_def_cfa_offset 4
 332              		@ sp needed
 333 0020 5DF804FB 		ldr	pc, [sp], #4
 334              	.L25:
 335              		.align	2
 336              	.L24:
 337 0024 00000000 		.word	hi2c1
 338              		.cfi_endproc
 339              	.LFE68:
 341              		.section	.text.stm32_i2c_read_reg,"ax",%progbits
 342              		.align	1
 343              		.global	stm32_i2c_read_reg
 344              		.syntax unified
 345              		.thumb
 346              		.thumb_func
 348              	stm32_i2c_read_reg:
 349              	.LVL21:
 350              	.LFB69:
  77:src/hal_i2c.c **** 
  78:src/hal_i2c.c **** int stm32_i2c_read_reg(uint8_t reg, uint8_t *data, uint8_t size) {
 351              		.loc 1 78 66 is_stmt 1 view -0
 352              		.cfi_startproc
 353              		@ args = 0, pretend = 0, frame = 8
 354              		@ frame_needed = 0, uses_anonymous_args = 0
 355              		.loc 1 78 66 is_stmt 0 view .LVU79
 356 0000 F0B5     		push	{r4, r5, r6, r7, lr}
 357              	.LCFI9:
 358              		.cfi_def_cfa_offset 20
 359              		.cfi_offset 4, -20
 360              		.cfi_offset 5, -16
 361              		.cfi_offset 6, -12
ARM GAS  C:\Users\binhp\AppData\Local\Temp\ccWEoug8.s 			page 9


 362              		.cfi_offset 7, -8
 363              		.cfi_offset 14, -4
 364 0002 85B0     		sub	sp, sp, #20
 365              	.LCFI10:
 366              		.cfi_def_cfa_offset 40
 367 0004 0C46     		mov	r4, r1
 368 0006 1546     		mov	r5, r2
 369 0008 8DF80F00 		strb	r0, [sp, #15]
  79:src/hal_i2c.c ****   HAL_I2C_Master_Transmit(&hi2c1, I2C1_ADDRESS, &reg, 1, 1000);
 370              		.loc 1 79 3 is_stmt 1 view .LVU80
 371 000c 094E     		ldr	r6, .L28
 372 000e 4FF47A77 		mov	r7, #1000
 373 0012 0097     		str	r7, [sp]
 374 0014 0123     		movs	r3, #1
 375 0016 0DF10F02 		add	r2, sp, #15
 376              	.LVL22:
 377              		.loc 1 79 3 is_stmt 0 view .LVU81
 378 001a D021     		movs	r1, #208
 379              	.LVL23:
 380              		.loc 1 79 3 view .LVU82
 381 001c 3046     		mov	r0, r6
 382              	.LVL24:
 383              		.loc 1 79 3 view .LVU83
 384 001e FFF7FEFF 		bl	HAL_I2C_Master_Transmit
 385              	.LVL25:
  80:src/hal_i2c.c ****   return HAL_I2C_Master_Receive(&hi2c1, I2C1_ADDRESS, data, size, 1000);
 386              		.loc 1 80 3 is_stmt 1 view .LVU84
 387              		.loc 1 80 10 is_stmt 0 view .LVU85
 388 0022 0097     		str	r7, [sp]
 389 0024 2B46     		mov	r3, r5
 390 0026 2246     		mov	r2, r4
 391 0028 D021     		movs	r1, #208
 392 002a 3046     		mov	r0, r6
 393 002c FFF7FEFF 		bl	HAL_I2C_Master_Receive
 394              	.LVL26:
  81:src/hal_i2c.c **** }
 395              		.loc 1 81 1 view .LVU86
 396 0030 05B0     		add	sp, sp, #20
 397              	.LCFI11:
 398              		.cfi_def_cfa_offset 20
 399              		@ sp needed
 400 0032 F0BD     		pop	{r4, r5, r6, r7, pc}
 401              	.LVL27:
 402              	.L29:
 403              		.loc 1 81 1 view .LVU87
 404              		.align	2
 405              	.L28:
 406 0034 00000000 		.word	hi2c1
 407              		.cfi_endproc
 408              	.LFE69:
 410              		.global	hi2c1
 411              		.section	.bss.hi2c1,"aw",%nobits
 412              		.align	2
 415              	hi2c1:
 416 0000 00000000 		.space	84
 416      00000000 
 416      00000000 
ARM GAS  C:\Users\binhp\AppData\Local\Temp\ccWEoug8.s 			page 10


 416      00000000 
 416      00000000 
 417              		.text
 418              	.Letext0:
 419              		.file 2 "Drivers/CMSIS/Device/ST/STM32F1xx/include/stm32f103xb.h"
 420              		.file 3 "C:/msys64/mingw64/arm-none-eabi/include/machine/_default_types.h"
 421              		.file 4 "C:/msys64/mingw64/arm-none-eabi/include/sys/_stdint.h"
 422              		.file 5 "Drivers/STM32F1xx_HAL_Driver/inc/stm32f1xx_hal_def.h"
 423              		.file 6 "Drivers/STM32F1xx_HAL_Driver/inc/stm32f1xx_hal_gpio.h"
 424              		.file 7 "Drivers/STM32F1xx_HAL_Driver/inc/stm32f1xx_hal_dma.h"
 425              		.file 8 "Drivers/STM32F1xx_HAL_Driver/inc/stm32f1xx_hal_i2c.h"
 426              		.file 9 "Drivers/STM32F1xx_HAL_Driver/inc/stm32f1xx_hal_cortex.h"
 427              		.file 10 "inc/hal_i2c.h"
 428              		.file 11 "inc/main.h"
ARM GAS  C:\Users\binhp\AppData\Local\Temp\ccWEoug8.s 			page 11


DEFINED SYMBOLS
                            *ABS*:00000000 hal_i2c.c
C:\Users\binhp\AppData\Local\Temp\ccWEoug8.s:19     .text.MX_I2C1_Init:00000000 $t
C:\Users\binhp\AppData\Local\Temp\ccWEoug8.s:25     .text.MX_I2C1_Init:00000000 MX_I2C1_Init
C:\Users\binhp\AppData\Local\Temp\ccWEoug8.s:86     .text.MX_I2C1_Init:00000030 $d
C:\Users\binhp\AppData\Local\Temp\ccWEoug8.s:415    .bss.hi2c1:00000000 hi2c1
C:\Users\binhp\AppData\Local\Temp\ccWEoug8.s:93     .text.HAL_I2C_MspInit:00000000 $t
C:\Users\binhp\AppData\Local\Temp\ccWEoug8.s:99     .text.HAL_I2C_MspInit:00000000 HAL_I2C_MspInit
C:\Users\binhp\AppData\Local\Temp\ccWEoug8.s:217    .text.HAL_I2C_MspInit:00000078 $d
C:\Users\binhp\AppData\Local\Temp\ccWEoug8.s:224    .text.HAL_I2C_MspDeInit:00000000 $t
C:\Users\binhp\AppData\Local\Temp\ccWEoug8.s:230    .text.HAL_I2C_MspDeInit:00000000 HAL_I2C_MspDeInit
C:\Users\binhp\AppData\Local\Temp\ccWEoug8.s:283    .text.HAL_I2C_MspDeInit:00000038 $d
C:\Users\binhp\AppData\Local\Temp\ccWEoug8.s:290    .text.stm32_i2c_write_reg:00000000 $t
C:\Users\binhp\AppData\Local\Temp\ccWEoug8.s:296    .text.stm32_i2c_write_reg:00000000 stm32_i2c_write_reg
C:\Users\binhp\AppData\Local\Temp\ccWEoug8.s:337    .text.stm32_i2c_write_reg:00000024 $d
C:\Users\binhp\AppData\Local\Temp\ccWEoug8.s:342    .text.stm32_i2c_read_reg:00000000 $t
C:\Users\binhp\AppData\Local\Temp\ccWEoug8.s:348    .text.stm32_i2c_read_reg:00000000 stm32_i2c_read_reg
C:\Users\binhp\AppData\Local\Temp\ccWEoug8.s:406    .text.stm32_i2c_read_reg:00000034 $d
C:\Users\binhp\AppData\Local\Temp\ccWEoug8.s:412    .bss.hi2c1:00000000 $d

UNDEFINED SYMBOLS
HAL_I2C_Init
Error_Handler
HAL_GPIO_Init
HAL_NVIC_SetPriority
HAL_NVIC_EnableIRQ
HAL_GPIO_DeInit
HAL_NVIC_DisableIRQ
HAL_I2C_Master_Transmit
HAL_I2C_Master_Receive
